#
# A fatal error has been detected by the Java Runtime Environment:
#
#  SIGSEGV (0xb) at pc=0x00007fc2359463c6, pid=3272, tid=140472102471440
#
# JRE version: 6.0_22-b04
# Java VM: Java HotSpot(TM) 64-Bit Server VM (17.1-b03 mixed mode linux-amd64 )
# Problematic frame:
# C  [librxtxSerial.so+0x83c6]  Java_gnu_io_RXTXPort_nativeDrain+0xd6
#
# If you would like to submit a bug report, please visit:
#   http://java.sun.com/webapps/bugreport/crash.jsp
# The crash happened outside the Java Virtual Machine in native code.
# See problematic frame for where to report the bug.
#

---------------  T H R E A D  ---------------

Current thread (0x00007fc2f023b000):  JavaThread "AWT-EventQueue-0" [_thread_in_native, id=3293, stack(0x00007fc235b4c000,0x00007fc235c4d000)]

siginfo:si_signo=SIGSEGV: si_errno=0, si_code=1 (SEGV_MAPERR), si_addr=0x000000003593c59c

Registers:
RAX=0x000000000000001c, RBX=0x00007fc235c4a520, RCX=0x0000000000000001, RDX=0x000000000000001b
RSP=0x00007fc235c4a350, RBP=0x00007fc2f023b1c8, RSI=0x00007fc2359481fe, RDI=0x00007fc235c4a520
R8 =0x0000000000000000, R9 =0x0000000000000001, R10=0x00007fc235c4a0d0, R11=0x0000000000000000
R12=0x000000003593c590, R13=0x0000000000000000, R14=0x00007fc235c4a628, R15=0x0000000000000000
RIP=0x00007fc2359463c6, EFL=0x0000000000010206, CSGSFS=0x0000000000000033, ERR=0x0000000000000004
  TRAPNO=0x000000000000000e

Top of Stack: (sp=0x00007fc235c4a350)
0x00007fc235c4a350:   00007fc235c4a278 00007fc235c4a628
0x00007fc235c4a360:   00007fc235c4a341 0000000800000002
0x00007fc235c4a370:   00007fc228003e00 00007fc235c4a3d0
0x00007fc235c4a380:   00007fc235c4a450 00007fc2f49504e8
0x00007fc235c4a390:   00007fc2f023b000 00007fc2f4978520
0x00007fc235c4a3a0:   00007fc235c4a557 00007fc22c001418
0x00007fc235c4a3b0:   00007fc22c001428 00007fc22c001420
0x00007fc235c4a3c0:   00007fc20000000b 00007fc2359462f0
0x00007fc235c4a3d0:   00007fc2f4cb13b0 0000005000000000
0x00007fc235c4a3e0:   0000000000000020 0000000000000000
0x00007fc235c4a3f0:   0000000000000000 00007fc228003d30
0x00007fc235c4a400:   0000000000000020 0000000000000100
0x00007fc235c4a410:   0000000000000000 00007fc228003c00
0x00007fc235c4a420:   0000000000000020 00007fc22c001418
0x00007fc235c4a430:   00007fc2f023b000 0000000000000003
0x00007fc235c4a440:   00007fc235c4a557 00007fc228003d00
0x00007fc235c4a450:   00007fc235c4a4a0 00007fc2f4950657
0x00007fc235c4a460:   00007fc2f023b000 00007fc2f4941c74
0x00007fc235c4a470:   0000000000000001 00007fc2f023b000
0x00007fc235c4a480:   00007fc235c4a557 00007fc22c001418
0x00007fc235c4a490:   00007fc235c4a557 00007fc2f023b000
0x00007fc235c4a4a0:   00007fc235c4a4f0 00007fc2f49509f3
0x00007fc235c4a4b0:   00007fc2f023c8a0 00007fc228003bf0
0x00007fc235c4a4c0:   00007fc2f4cb55d0 00007fc22c001458
0x00007fc235c4a4d0:   0000000000000003 0000000000000000
0x00007fc235c4a4e0:   0000000000001428 00007fc200000009
0x00007fc235c4a4f0:   00007fc22c001418 00007fc2f4950b2a
0x00007fc235c4a500:   00007fc2f00041a0 000000b6f4955168
0x00007fc235c4a510:   00007fc22c001430 00007fc2f023b000
0x00007fc235c4a520:   74726f5058545852 29286e696172643a
0x00007fc235c4a530:   736e727574657220 00007f000a30203a
0x00007fc235c4a540:   00007fc235c4a590 00007fc2f47613b0 

Instructions: (pc=0x00007fc2359463c6)
0x00007fc2359463b6:   ef e8 bc b4 ff ff 45 84 ed 75 0e 4d 85 e4 74 09
0x00007fc2359463c6:   41 8b 4c 24 0c 85 c9 75 19 48 81 c4 28 02 00 00 

Stack: [0x00007fc235b4c000,0x00007fc235c4d000],  sp=0x00007fc235c4a350,  free space=3f80000000000000018k
Native frames: (J=compiled Java code, j=interpreted, Vv=VM code, C=native code)
C  [librxtxSerial.so+0x83c6]  Java_gnu_io_RXTXPort_nativeDrain+0xd6

Java frames: (J=compiled Java code, j=interpreted, Vv=VM code)
j  gnu.io.RXTXPort.nativeDrain(Z)Z+0
j  gnu.io.RXTXPort$SerialOutputStream.flush()V+72
j  com.google.code.xbeejavaapi.api.LocalXBee.write(I)V+61
j  com.google.code.xbeejavaapi.api.LocalXBee.write(Ljava/lang/String;)V+61
j  com.google.code.xbeejavaapi.api.LocalXBee.setAPIMode()V+3
j  com.google.code.xbeejavaapi.api.LocalXBee.<init>(Ljava/io/InputStream;Ljava/io/OutputStream;)V+85
j  com.google.code.xbeejavaapi.api.XBeeFactory$1.<init>(Lcom/google/code/xbeejavaapi/api/XBeeFactory;Ljava/io/InputStream;Ljava/io/OutputStream;Lgnu/io/SerialPort;)V+14
j  com.google.code.xbeejavaapi.api.XBeeFactory.newXBee()Lcom/google/code/xbeejavaapi/api/LocalXBee;+136
j  com.google.code.xbeejavaapi.configapp.MainFrame.jButton1ActionPerformed(Ljava/awt/event/ActionEvent;)V+27
j  com.google.code.xbeejavaapi.configapp.MainFrame.access$000(Lcom/google/code/xbeejavaapi/configapp/MainFrame;Ljava/awt/event/ActionEvent;)V+2
j  com.google.code.xbeejavaapi.configapp.MainFrame$1.actionPerformed(Ljava/awt/event/ActionEvent;)V+5
j  javax.swing.AbstractButton.fireActionPerformed(Ljava/awt/event/ActionEvent;)V+84
j  javax.swing.AbstractButton$Handler.actionPerformed(Ljava/awt/event/ActionEvent;)V+5
j  javax.swing.DefaultButtonModel.fireActionPerformed(Ljava/awt/event/ActionEvent;)V+35
j  javax.swing.DefaultButtonModel.setPressed(Z)V+117
j  javax.swing.plaf.basic.BasicButtonListener$Actions.actionPerformed(Ljava/awt/event/ActionEvent;)V+70
j  javax.swing.SwingUtilities.notifyAction(Ljavax/swing/Action;Ljavax/swing/KeyStroke;Ljava/awt/event/KeyEvent;Ljava/lang/Object;I)Z+132
j  javax.swing.JComponent.processKeyBinding(Ljavax/swing/KeyStroke;Ljava/awt/event/KeyEvent;IZ)Z+72
j  javax.swing.JComponent.processKeyBindings(Ljava/awt/event/KeyEvent;Z)Z+56
j  javax.swing.JComponent.processKeyEvent(Ljava/awt/event/KeyEvent;)V+51
j  java.awt.Component.processEvent(Ljava/awt/AWTEvent;)V+121
j  java.awt.Container.processEvent(Ljava/awt/AWTEvent;)V+18
j  java.awt.Component.dispatchEventImpl(Ljava/awt/AWTEvent;)V+566
j  java.awt.Container.dispatchEventImpl(Ljava/awt/AWTEvent;)V+42
j  java.awt.Component.dispatchEvent(Ljava/awt/AWTEvent;)V+2
j  java.awt.KeyboardFocusManager.redispatchEvent(Ljava/awt/Component;Ljava/awt/AWTEvent;)V+7
j  java.awt.DefaultKeyboardFocusManager.dispatchKeyEvent(Ljava/awt/event/KeyEvent;)Z+70
j  java.awt.DefaultKeyboardFocusManager.preDispatchKeyEvent(Ljava/awt/event/KeyEvent;)Z+140
j  java.awt.DefaultKeyboardFocusManager.typeAheadAssertions(Ljava/awt/Component;Ljava/awt/AWTEvent;)Z+175
j  java.awt.DefaultKeyboardFocusManager.dispatchEvent(Ljava/awt/AWTEvent;)Z+1524
j  java.awt.Component.dispatchEventImpl(Ljava/awt/AWTEvent;)V+131
j  java.awt.Container.dispatchEventImpl(Ljava/awt/AWTEvent;)V+42
j  java.awt.Window.dispatchEventImpl(Ljava/awt/AWTEvent;)V+19
j  java.awt.Component.dispatchEvent(Ljava/awt/AWTEvent;)V+2
j  java.awt.EventQueue.dispatchEvent(Ljava/awt/AWTEvent;)V+46
j  java.awt.EventDispatchThread.pumpOneEventForFilters(I)Z+204
j  java.awt.EventDispatchThread.pumpEventsForFilter(ILjava/awt/Conditional;Ljava/awt/EventFilter;)V+30
j  java.awt.EventDispatchThread.pumpEventsForHierarchy(ILjava/awt/Conditional;Ljava/awt/Component;)V+11
j  java.awt.EventDispatchThread.pumpEvents(ILjava/awt/Conditional;)V+4
j  java.awt.EventDispatchThread.pumpEvents(Ljava/awt/Conditional;)V+3
j  java.awt.EventDispatchThread.run()V+9
v  ~StubRoutines::call_stub

---------------  P R O C E S S  ---------------

Java Threads: ( => current thread )
  0x00007fc214037000 JavaThread "Thread-1" [_thread_in_native, id=3294, stack(0x00007fc23583d000,0x00007fc23593e000)]
  0x00007fc2f0007000 JavaThread "DestroyJavaVM" [_thread_blocked, id=3273, stack(0x00007fc2f427d000,0x00007fc2f437e000)]
=>0x00007fc2f023b000 JavaThread "AWT-EventQueue-0" [_thread_in_native, id=3293, stack(0x00007fc235b4c000,0x00007fc235c4d000)]
  0x00007fc2f024b000 JavaThread "AWT-Shutdown" [_thread_blocked, id=3292, stack(0x00007fc235c4d000,0x00007fc235d4e000)]
  0x00007fc2f0221000 JavaThread "AWT-XAWT" daemon [_thread_in_native, id=3291, stack(0x00007fc235d4e000,0x00007fc235e4f000)]
  0x00007fc2f01b0800 JavaThread "Java2D Disposer" daemon [_thread_blocked, id=3290, stack(0x00007fc23606e000,0x00007fc23616f000)]
  0x00007fc2f00bf000 JavaThread "Low Memory Detector" daemon [_thread_blocked, id=3288, stack(0x00007fc26867f000,0x00007fc268780000)]
  0x00007fc2f00bd000 JavaThread "CompilerThread1" daemon [_thread_blocked, id=3287, stack(0x00007fc268780000,0x00007fc268881000)]
  0x00007fc2f00ba000 JavaThread "CompilerThread0" daemon [_thread_blocked, id=3286, stack(0x00007fc268881000,0x00007fc268982000)]
  0x00007fc2f00b8000 JavaThread "Signal Dispatcher" daemon [_thread_blocked, id=3285, stack(0x00007fc268982000,0x00007fc268a83000)]
  0x00007fc2f0099000 JavaThread "Finalizer" daemon [_thread_blocked, id=3284, stack(0x00007fc268a83000,0x00007fc268b84000)]
  0x00007fc2f0097000 JavaThread "Reference Handler" daemon [_thread_blocked, id=3283, stack(0x00007fc268b84000,0x00007fc268c85000)]

Other Threads:
  0x00007fc2f0092800 VMThread [stack: 0x00007fc268c85000,0x00007fc268d86000] [id=3282]
  0x00007fc2f00ca000 WatcherThread [stack: 0x00007fc26857e000,0x00007fc26867f000] [id=3289]

VM state:not at safepoint (normal execution)

VM Mutex/Monitor currently owned by a thread: None

Heap
 PSYoungGen      total 37312K, used 7788K [0x00007fc2c3070000, 0x00007fc2c5a10000, 0x00007fc2ecb10000)
  eden space 32000K, 24% used [0x00007fc2c3070000,0x00007fc2c380b178,0x00007fc2c4fb0000)
  from space 5312K, 0% used [0x00007fc2c54e0000,0x00007fc2c54e0000,0x00007fc2c5a10000)
  to   space 5312K, 0% used [0x00007fc2c4fb0000,0x00007fc2c4fb0000,0x00007fc2c54e0000)
 PSOldGen        total 85312K, used 0K [0x00007fc26fb10000, 0x00007fc274e60000, 0x00007fc2c3070000)
  object space 85312K, 0% used [0x00007fc26fb10000,0x00007fc26fb10000,0x00007fc274e60000)
 PSPermGen       total 21248K, used 14458K [0x00007fc26a710000, 0x00007fc26bbd0000, 0x00007fc26fb10000)
  object space 21248K, 68% used [0x00007fc26a710000,0x00007fc26b52e8a8,0x00007fc26bbd0000)

Dynamic libraries:
40000000-40009000 r-xp 00000000 08:12 1836666                            /fast/jdk1.6.0_22/bin/java
40108000-4010a000 rwxp 00008000 08:12 1836666                            /fast/jdk1.6.0_22/bin/java
40464000-40485000 rwxp 00000000 00:00 0                                  [heap]
3503c00000-3503c05000 r-xp 00000000 08:12 571105                         /usr/lib64/libXtst.so.6.1.0
3503c05000-3503e05000 ---p 00005000 08:12 571105                         /usr/lib64/libXtst.so.6.1.0
3503e05000-3503e06000 rwxp 00005000 08:12 571105                         /usr/lib64/libXtst.so.6.1.0
3b0fe00000-3b0fe16000 r-xp 00000000 08:12 2359299                        /lib64/libnsl-2.12.1.so
3b0fe16000-3b10015000 ---p 00016000 08:12 2359299                        /lib64/libnsl-2.12.1.so
3b10015000-3b10016000 r-xp 00015000 08:12 2359299                        /lib64/libnsl-2.12.1.so
3b10016000-3b10017000 rwxp 00016000 08:12 2359299                        /lib64/libnsl-2.12.1.so
3b10017000-3b10019000 rwxp 00000000 00:00 0 
3d41000000-3d4101e000 r-xp 00000000 08:12 2359521                        /lib64/ld-2.12.1.so
3d4121d000-3d4121e000 r-xp 0001d000 08:12 2359521                        /lib64/ld-2.12.1.so
3d4121e000-3d4121f000 rwxp 0001e000 08:12 2359521                        /lib64/ld-2.12.1.so
3d4121f000-3d41220000 rwxp 00000000 00:00 0 
3d41400000-3d41575000 r-xp 00000000 08:12 2359527                        /lib64/libc-2.12.1.so
3d41575000-3d41775000 ---p 00175000 08:12 2359527                        /lib64/libc-2.12.1.so
3d41775000-3d41779000 r-xp 00175000 08:12 2359527                        /lib64/libc-2.12.1.so
3d41779000-3d4177a000 rwxp 00179000 08:12 2359527                        /lib64/libc-2.12.1.so
3d4177a000-3d4177f000 rwxp 00000000 00:00 0 
3d41800000-3d41817000 r-xp 00000000 08:12 2359758                        /lib64/libpthread-2.12.1.so
3d41817000-3d41a16000 ---p 00017000 08:12 2359758                        /lib64/libpthread-2.12.1.so
3d41a16000-3d41a17000 r-xp 00016000 08:12 2359758                        /lib64/libpthread-2.12.1.so
3d41a17000-3d41a18000 rwxp 00017000 08:12 2359758                        /lib64/libpthread-2.12.1.so
3d41a18000-3d41a1c000 rwxp 00000000 00:00 0 
3d41c00000-3d41c02000 r-xp 00000000 08:12 2359560                        /lib64/libdl-2.12.1.so
3d41c02000-3d41e02000 ---p 00002000 08:12 2359560                        /lib64/libdl-2.12.1.so
3d41e02000-3d41e03000 r-xp 00002000 08:12 2359560                        /lib64/libdl-2.12.1.so
3d41e03000-3d41e04000 rwxp 00003000 08:12 2359560                        /lib64/libdl-2.12.1.so
3d42000000-3d42007000 r-xp 00000000 08:12 2359767                        /lib64/librt-2.12.1.so
3d42007000-3d42206000 ---p 00007000 08:12 2359767                        /lib64/librt-2.12.1.so
3d42206000-3d42207000 r-xp 00006000 08:12 2359767                        /lib64/librt-2.12.1.so
3d42207000-3d42208000 rwxp 00007000 08:12 2359767                        /lib64/librt-2.12.1.so
3d42400000-3d42483000 r-xp 00000000 08:12 2359768                        /lib64/libm-2.12.1.so
3d42483000-3d42682000 ---p 00083000 08:12 2359768                        /lib64/libm-2.12.1.so
3d42682000-3d42683000 r-xp 00082000 08:12 2359768                        /lib64/libm-2.12.1.so
3d42683000-3d42684000 rwxp 00083000 08:12 2359768                        /lib64/libm-2.12.1.so
3d44800000-3d44802000 r-xp 00000000 08:12 526527                         /usr/lib64/libXau.so.6.0.0
3d44802000-3d44a02000 ---p 00002000 08:12 526527                         /usr/lib64/libXau.so.6.0.0
3d44a02000-3d44a03000 rwxp 00002000 08:12 526527                         /usr/lib64/libXau.so.6.0.0
3d44c00000-3d44d39000 r-xp 00000000 08:12 527899                         /usr/lib64/libX11.so.6.3.0
3d44d39000-3d44f39000 ---p 00139000 08:12 527899                         /usr/lib64/libX11.so.6.3.0
3d44f39000-3d44f3f000 rwxp 00139000 08:12 527899                         /usr/lib64/libX11.so.6.3.0
3d45000000-3d4501b000 r-xp 00000000 08:12 527898                         /usr/lib64/libxcb.so.1.1.0
3d4501b000-3d4521a000 ---p 0001b000 08:12 527898                         /usr/lib64/libxcb.so.1.1.0
3d4521a000-3d4521b000 rwxp 0001a000 08:12 527898                         /usr/lib64/libxcb.so.1.1.0
3d45800000-3d45811000 r-xp 00000000 08:12 527928                         /usr/lib64/libXext.so.6.4.0
3d45811000-3d45a11000 ---p 00011000 08:12 527928                         /usr/lib64/libXext.so.6.4.0
3d45a11000-3d45a12000 rwxp 00011000 08:12 527928                         /usr/lib64/libXext.so.6.4.0
3d46c00000-3d46c0f000 r-xp 00000000 08:12 529258                         /usr/lib64/libXi.so.6.1.0
3d46c0f000-3d46e0e000 ---p 0000f000 08:12 529258                         /usr/lib64/libXi.so.6.1.0
3d46e0e000-3d46e0f000 rwxp 0000e000 08:12 529258                         /usr/lib64/libXi.so.6.1.0
3d47000000-3d47009000 r-xp 00000000 08:12 529540                         /usr/lib64/libXcursor.so.1.0.2
3d47009000-3d47209000 ---p 00009000 08:12 529540                         /usr/lib64/libXcursor.so.1.0.2
3d47209000-3d4720a000 rwxp 00009000 08:12 529540                         /usr/lib64/libXcursor.so.1.0.2
3d48400000-3d48409000 r-xp 00000000 08:12 527900                         /usr/lib64/libXrender.so.1.3.0
3d48409000-3d48609000 ---p 00009000 08:12 527900                         /usr/lib64/libXrender.so.1.3.0
3d48609000-3d4860a000 rwxp 00009000 08:12 527900                         /usr/lib64/libXrender.so.1.3.0
3d4a400000-3d4a405000 r-xp 00000000 08:12 529427                         /usr/lib64/libXfixes.so.3.1.0
3d4a405000-3d4a604000 ---p 00005000 08:12 529427                         /usr/lib64/libXfixes.so.3.1.0
3d4a604000-3d4a605000 rwxp 00004000 08:12 529427                         /usr/lib64/libXfixes.so.3.1.0
7fc208000000-7fc208021000 rwxp 00000000 00:00 0 
7fc208021000-7fc20c000000 ---p 00000000 00:00 0 
7fc210000000-7fc210021000 rwxp 00000000 00:00 0 
7fc210021000-7fc214000000 ---p 00000000 00:00 0 
7fc214000000-7fc214117000 rwxp 00000000 00:00 0 
7fc214117000-7fc218000000 ---p 00000000 00:00 0 
7fc218000000-7fc218021000 rwxp 00000000 00:00 0 
7fc218021000-7fc21c000000 ---p 00000000 00:00 0 
7fc21c000000-7fc21c021000 rwxp 00000000 00:00 0 
7fc21c021000-7fc220000000 ---p 00000000 00:00 0 
7fc220000000-7fc220021000 rwxp 00000000 00:00 0 
7fc220021000-7fc224000000 ---p 00000000 00:00 0 
7fc224000000-7fc224021000 rwxp 00000000 00:00 0 
7fc224021000-7fc228000000 ---p 00000000 00:00 0 
7fc228000000-7fc22813e000 rwxp 00000000 00:00 0 
7fc22813e000-7fc22c000000 ---p 00000000 00:00 0 
7fc22c000000-7fc22c182000 rwxp 00000000 00:00 0 
7fc22c182000-7fc230000000 ---p 00000000 00:00 0 
7fc230000000-7fc230021000 rwxp 00000000 00:00 0 
7fc230021000-7fc234000000 ---p 00000000 00:00 0 
7fc23583d000-7fc235840000 ---p 00000000 00:00 0 
7fc235840000-7fc23593e000 rwxp 00000000 00:00 0 
7fc23593e000-7fc23594b000 r-xp 00000000 08:12 1845844                    /fast/jdk1.6.0_22/jre/lib/amd64/librxtxSerial-2.1-7.so
7fc23594b000-7fc235b4b000 ---p 0000d000 08:12 1845844                    /fast/jdk1.6.0_22/jre/lib/amd64/librxtxSerial-2.1-7.so
7fc235b4b000-7fc235b4c000 rwxp 0000d000 08:12 1845844                    /fast/jdk1.6.0_22/jre/lib/amd64/librxtxSerial-2.1-7.so
7fc235b4c000-7fc235b4f000 ---p 00000000 00:00 0 
7fc235b4f000-7fc235c4d000 rwxp 00000000 00:00 0 
7fc235c4d000-7fc235c50000 ---p 00000000 00:00 0 
7fc235c50000-7fc235d4e000 rwxp 00000000 00:00 0 
7fc235d4e000-7fc235d51000 ---p 00000000 00:00 0 
7fc235d51000-7fc235e4f000 rwxp 00000000 00:00 0 
7fc235e4f000-7fc235e56000 r-xp 00000000 08:12 1837302                    /fast/jdk1.6.0_22/jre/lib/amd64/libnio.so
7fc235e56000-7fc235f55000 ---p 00007000 08:12 1837302                    /fast/jdk1.6.0_22/jre/lib/amd64/libnio.so
7fc235f55000-7fc235f57000 rwxp 00006000 08:12 1837302                    /fast/jdk1.6.0_22/jre/lib/amd64/libnio.so
7fc235f57000-7fc235f6a000 r-xp 00000000 08:12 1837301                    /fast/jdk1.6.0_22/jre/lib/amd64/libnet.so
7fc235f6a000-7fc23606b000 ---p 00013000 08:12 1837301                    /fast/jdk1.6.0_22/jre/lib/amd64/libnet.so
7fc23606b000-7fc23606e000 rwxp 00014000 08:12 1837301                    /fast/jdk1.6.0_22/jre/lib/amd64/libnet.so
7fc23606e000-7fc236071000 ---p 00000000 00:00 0 
7fc236071000-7fc23616f000 rwxp 00000000 00:00 0 
7fc23616f000-7fc23c000000 r-xp 00000000 08:12 567748                     /usr/lib/locale/locale-archive
7fc23c000000-7fc23c021000 rwxp 00000000 00:00 0 
7fc23c021000-7fc240000000 ---p 00000000 00:00 0 
7fc240000000-7fc240021000 rwxp 00000000 00:00 0 
7fc240021000-7fc244000000 ---p 00000000 00:00 0 
7fc244000000-7fc244021000 rwxp 00000000 00:00 0 
7fc244021000-7fc248000000 ---p 00000000 00:00 0 
7fc248000000-7fc248021000 rwxp 00000000 00:00 0 
7fc248021000-7fc24c000000 ---p 00000000 00:00 0 
7fc24c000000-7fc24c021000 rwxp 00000000 00:00 0 
7fc24c021000-7fc250000000 ---p 00000000 00:00 0 
7fc250000000-7fc250021000 rwxp 00000000 00:00 0 
7fc250021000-7fc254000000 ---p 00000000 00:00 0 
7fc254000000-7fc254021000 rwxp 00000000 00:00 0 
7fc254021000-7fc258000000 ---p 00000000 00:00 0 
7fc258000000-7fc258021000 rwxp 00000000 00:00 0 
7fc258021000-7fc25c000000 ---p 00000000 00:00 0 
7fc25c000000-7fc25c021000 rwxp 00000000 00:00 0 
7fc25c021000-7fc260000000 ---p 00000000 00:00 0 
7fc260000000-7fc260021000 rwxp 00000000 00:00 0 
7fc260021000-7fc264000000 ---p 00000000 00:00 0 
7fc264000000-7fc264021000 rwxp 00000000 00:00 0 
7fc264021000-7fc268000000 ---p 00000000 00:00 0 
7fc268097000-7fc2680ac000 rwxs 00000000 00:04 2621474                    /SYSV00000000 (deleted)
7fc2680ac000-7fc268125000 r-xp 00000000 08:12 1837310                    /fast/jdk1.6.0_22/jre/lib/amd64/libfontmanager.so
7fc268125000-7fc268224000 ---p 00079000 08:12 1837310                    /fast/jdk1.6.0_22/jre/lib/amd64/libfontmanager.so
7fc268224000-7fc268239000 rwxp 00078000 08:12 1837310                    /fast/jdk1.6.0_22/jre/lib/amd64/libfontmanager.so
7fc268239000-7fc26824a000 rwxp 00000000 00:00 0 
7fc26824a000-7fc26828c000 r-xp 00000000 08:12 1837299                    /fast/jdk1.6.0_22/jre/lib/amd64/xawt/libmawt.so
7fc26828c000-7fc26838b000 ---p 00042000 08:12 1837299                    /fast/jdk1.6.0_22/jre/lib/amd64/xawt/libmawt.so
7fc26838b000-7fc268396000 rwxp 00041000 08:12 1837299                    /fast/jdk1.6.0_22/jre/lib/amd64/xawt/libmawt.so
7fc268396000-7fc268398000 rwxp 00000000 00:00 0 
7fc268398000-7fc26842a000 r-xp 00000000 08:12 1837346                    /fast/jdk1.6.0_22/jre/lib/amd64/libawt.so
7fc26842a000-7fc268529000 ---p 00092000 08:12 1837346                    /fast/jdk1.6.0_22/jre/lib/amd64/libawt.so
7fc268529000-7fc268542000 rwxp 00091000 08:12 1837346                    /fast/jdk1.6.0_22/jre/lib/amd64/libawt.so
7fc268542000-7fc268567000 rwxp 00000000 00:00 0 
7fc268567000-7fc268569000 r-xs 0000d000 08:05 25680911                   /mnt/sda7/home/david/JavaProjects/xbee-java-api/trunk/xbee-java-api/dist/lib/RXTXcomm.jar
7fc268569000-7fc268570000 r-xs 00059000 08:05 25680910                   /mnt/sda7/home/david/JavaProjects/xbee-java-api/trunk/xbee-java-api/dist/lib/log4j-1.2.15.jar
7fc268570000-7fc268576000 r-xs 00069000 08:05 25680912                   /mnt/sda7/home/david/JavaProjects/xbee-java-api/trunk/xbee-java-api/dist/xbee-java-api.jar
7fc268576000-7fc268578000 r-xs 0000d000 08:12 1845859                    /fast/jdk1.6.0_22/jre/lib/ext/RXTXcomm.jar
7fc268578000-7fc26857e000 r-xs 00069000 08:05 25680912                   /mnt/sda7/home/david/JavaProjects/xbee-java-api/trunk/xbee-java-api/dist/xbee-java-api.jar
7fc26857e000-7fc26857f000 ---p 00000000 00:00 0 
7fc26857f000-7fc26867f000 rwxp 00000000 00:00 0 
7fc26867f000-7fc268682000 ---p 00000000 00:00 0 
7fc268682000-7fc268780000 rwxp 00000000 00:00 0 
7fc268780000-7fc268783000 ---p 00000000 00:00 0 
7fc268783000-7fc268881000 rwxp 00000000 00:00 0 
7fc268881000-7fc268884000 ---p 00000000 00:00 0 
7fc268884000-7fc268982000 rwxp 00000000 00:00 0 
7fc268982000-7fc268985000 ---p 00000000 00:00 0 
7fc268985000-7fc268a83000 rwxp 00000000 00:00 0 
7fc268a83000-7fc268a86000 ---p 00000000 00:00 0 
7fc268a86000-7fc268b84000 rwxp 00000000 00:00 0 
7fc268b84000-7fc268b87000 ---p 00000000 00:00 0 
7fc268b87000-7fc268c85000 rwxp 00000000 00:00 0 
7fc268c85000-7fc268c86000 ---p 00000000 00:00 0 
7fc268c86000-7fc2696c2000 rwxp 00000000 00:00 0 
7fc2696c2000-7fc26985a000 r-xs 03013000 08:12 1835012                    /fast/jdk1.6.0_22/jre/lib/rt.jar
7fc26985a000-7fc26985b000 ---p 00000000 00:00 0 
7fc26985b000-7fc26995b000 rwxp 00000000 00:00 0 
7fc26995b000-7fc26995c000 ---p 00000000 00:00 0 
7fc26995c000-7fc269a5c000 rwxp 00000000 00:00 0 
7fc269a5c000-7fc269a5d000 ---p 00000000 00:00 0 
7fc269a5d000-7fc269b5d000 rwxp 00000000 00:00 0 
7fc269b5d000-7fc269b5e000 ---p 00000000 00:00 0 
7fc269b5e000-7fc269c5e000 rwxp 00000000 00:00 0 
7fc269c5e000-7fc269c5f000 ---p 00000000 00:00 0 
7fc269c5f000-7fc269d5f000 rwxp 00000000 00:00 0 
7fc269d5f000-7fc269d60000 ---p 00000000 00:00 0 
7fc269d60000-7fc269e60000 rwxp 00000000 00:00 0 
7fc269e60000-7fc269e61000 ---p 00000000 00:00 0 
7fc269e61000-7fc269f61000 rwxp 00000000 00:00 0 
7fc269f61000-7fc269f62000 ---p 00000000 00:00 0 
7fc269f62000-7fc26a08c000 rwxp 00000000 00:00 0 
7fc26a08c000-7fc26a2fd000 rwxp 00000000 00:00 0 
7fc26a2fd000-7fc26a308000 rwxp 00000000 00:00 0 
7fc26a308000-7fc26a327000 rwxp 00000000 00:00 0 
7fc26a327000-7fc26a351000 rwxp 00000000 00:00 0 
7fc26a351000-7fc26a5c1000 rwxp 00000000 00:00 0 
7fc26a5c1000-7fc26a5d7000 rwxp 00000000 00:00 0 
7fc26a5d7000-7fc26a70f000 rwxp 00000000 00:00 0 
7fc26a70f000-7fc26bbd0000 rwxp 00000000 00:00 0 
7fc26bbd0000-7fc26fb10000 rwxp 00000000 00:00 0 
7fc26fb10000-7fc274e60000 rwxp 00000000 00:00 0 
7fc274e60000-7fc2c3070000 rwxp 00000000 00:00 0 
7fc2c3070000-7fc2c5a10000 rwxp 00000000 00:00 0 
7fc2c5a10000-7fc2ecb10000 rwxp 00000000 00:00 0 
7fc2ecb14000-7fc2ecb1e000 rwxp 00000000 00:00 0 
7fc2ecb1e000-7fc2ecbd4000 rwxp 00000000 00:00 0 
7fc2ecbd4000-7fc2ece44000 rwxp 00000000 00:00 0 
7fc2ece44000-7fc2efbd4000 rwxp 00000000 00:00 0 
7fc2efbd4000-7fc2efbe2000 r-xp 00000000 08:12 1837312                    /fast/jdk1.6.0_22/jre/lib/amd64/libzip.so
7fc2efbe2000-7fc2efce4000 ---p 0000e000 08:12 1837312                    /fast/jdk1.6.0_22/jre/lib/amd64/libzip.so
7fc2efce4000-7fc2efce7000 rwxp 00010000 08:12 1837312                    /fast/jdk1.6.0_22/jre/lib/amd64/libzip.so
7fc2efce7000-7fc2efce8000 rwxp 00000000 00:00 0 
7fc2efce8000-7fc2efcf4000 r-xp 00000000 08:12 2359326                    /lib64/libnss_files-2.12.1.so
7fc2efcf4000-7fc2efef3000 ---p 0000c000 08:12 2359326                    /lib64/libnss_files-2.12.1.so
7fc2efef3000-7fc2efef4000 r-xp 0000b000 08:12 2359326                    /lib64/libnss_files-2.12.1.so
7fc2efef4000-7fc2efef5000 rwxp 0000c000 08:12 2359326                    /lib64/libnss_files-2.12.1.so
7fc2efef5000-7fc2efefc000 r-xp 00000000 08:12 1837314                    /fast/jdk1.6.0_22/jre/lib/amd64/native_threads/libhpi.so
7fc2efefc000-7fc2efffd000 ---p 00007000 08:12 1837314                    /fast/jdk1.6.0_22/jre/lib/amd64/native_threads/libhpi.so
7fc2efffd000-7fc2effff000 rwxp 00008000 08:12 1837314                    /fast/jdk1.6.0_22/jre/lib/amd64/native_threads/libhpi.so
7fc2effff000-7fc2f0000000 rwxp 00000000 00:00 0 
7fc2f0000000-7fc2f0298000 rwxp 00000000 00:00 0 
7fc2f0298000-7fc2f4000000 ---p 00000000 00:00 0 
7fc2f4015000-7fc2f4020000 rwxp 00000000 00:00 0 
7fc2f4020000-7fc2f403f000 rwxp 00000000 00:00 0 
7fc2f403f000-7fc2f4067000 r-xp 00000000 08:12 1837325                    /fast/jdk1.6.0_22/jre/lib/amd64/libjava.so
7fc2f4067000-7fc2f4167000 ---p 00028000 08:12 1837325                    /fast/jdk1.6.0_22/jre/lib/amd64/libjava.so
7fc2f4167000-7fc2f416e000 rwxp 00028000 08:12 1837325                    /fast/jdk1.6.0_22/jre/lib/amd64/libjava.so
7fc2f416e000-7fc2f417b000 r-xp 00000000 08:12 1837307                    /fast/jdk1.6.0_22/jre/lib/amd64/libverify.so
7fc2f417b000-7fc2f427a000 ---p 0000d000 08:12 1837307                    /fast/jdk1.6.0_22/jre/lib/amd64/libverify.so
7fc2f427a000-7fc2f427d000 rwxp 0000c000 08:12 1837307                    /fast/jdk1.6.0_22/jre/lib/amd64/libverify.so
7fc2f427d000-7fc2f4280000 ---p 00000000 00:00 0 
7fc2f4280000-7fc2f437e000 rwxp 00000000 00:00 0 
7fc2f437e000-7fc2f4b58000 r-xp 00000000 08:12 1837332                    /fast/jdk1.6.0_22/jre/lib/amd64/server/libjvm.so
7fc2f4b58000-7fc2f4c5a000 ---p 007da000 08:12 1837332                    /fast/jdk1.6.0_22/jre/lib/amd64/server/libjvm.so
7fc2f4c5a000-7fc2f4deb000 rwxp 007dc000 08:12 1837332                    /fast/jdk1.6.0_22/jre/lib/amd64/server/libjvm.so
7fc2f4deb000-7fc2f4e29000 rwxp 00000000 00:00 0 
7fc2f4e29000-7fc2f4e30000 r-xp 00000000 08:12 1837297                    /fast/jdk1.6.0_22/jre/lib/amd64/jli/libjli.so
7fc2f4e30000-7fc2f4f31000 ---p 00007000 08:12 1837297                    /fast/jdk1.6.0_22/jre/lib/amd64/jli/libjli.so
7fc2f4f31000-7fc2f4f33000 rwxp 00008000 08:12 1837297                    /fast/jdk1.6.0_22/jre/lib/amd64/jli/libjli.so
7fc2f4f33000-7fc2f4f34000 rwxp 00000000 00:00 0 
7fc2f4f4d000-7fc2f4f4e000 rwxp 00000000 00:00 0 
7fc2f4f4e000-7fc2f4f56000 rwxs 00000000 08:12 2103116                    /tmp/hsperfdata_root/3272
7fc2f4f56000-7fc2f4f57000 rwxp 00000000 00:00 0 
7fc2f4f57000-7fc2f4f58000 r-xp 00000000 00:00 0 
7fc2f4f58000-7fc2f4f59000 rwxp 00000000 00:00 0 
7fffb664c000-7fffb666d000 rwxp 00000000 00:00 0                          [stack]
7fffb6749000-7fffb674a000 r-xp 00000000 00:00 0                          [vdso]
ffffffffff600000-ffffffffff601000 r-xp 00000000 00:00 0                  [vsyscall]

VM Arguments:
java_command: dist/xbee-java-api.jar
Launcher Type: SUN_STANDARD

Environment Variables:
PATH=/usr/lib64/qt-3.3/bin:/usr/kerberos/sbin:/usr/kerberos/bin:/usr/local/sbin:/usr/local/bin:/sbin:/bin:/usr/sbin:/usr/bin:/root/bin
LD_LIBRARY_PATH=/fast/jdk1.6.0_22/jre/lib/amd64/server:/fast/jdk1.6.0_22/jre/lib/amd64:/fast/jdk1.6.0_22/jre/../lib/amd64:/root/lib
SHELL=/bin/bash
DISPLAY=:0.0

Signal Handlers:
SIGSEGV: [libjvm.so+0x731250], sa_mask[0]=0x7ffbfeff, sa_flags=0x10000004
SIGBUS: [libjvm.so+0x731250], sa_mask[0]=0x7ffbfeff, sa_flags=0x10000004
SIGFPE: [libjvm.so+0x5f5e30], sa_mask[0]=0x7ffbfeff, sa_flags=0x10000004
SIGPIPE: [libjvm.so+0x5f5e30], sa_mask[0]=0x7ffbfeff, sa_flags=0x10000004
SIGXFSZ: [libjvm.so+0x5f5e30], sa_mask[0]=0x7ffbfeff, sa_flags=0x10000004
SIGILL: [libjvm.so+0x5f5e30], sa_mask[0]=0x7ffbfeff, sa_flags=0x10000004
SIGUSR1: SIG_DFL, sa_mask[0]=0x00000000, sa_flags=0x00000000
SIGUSR2: [libjvm.so+0x5f8650], sa_mask[0]=0x00000000, sa_flags=0x10000004
SIGHUP: [libjvm.so+0x5f83a0], sa_mask[0]=0x7ffbfeff, sa_flags=0x10000004
SIGINT: [libjvm.so+0x5f83a0], sa_mask[0]=0x7ffbfeff, sa_flags=0x10000004
SIGTERM: [libjvm.so+0x5f83a0], sa_mask[0]=0x7ffbfeff, sa_flags=0x10000004
SIGQUIT: [libjvm.so+0x5f83a0], sa_mask[0]=0x7ffbfeff, sa_flags=0x10000004


---------------  S Y S T E M  ---------------

OS:Fedora release 13 (Goddard)

uname:Linux 2.6.34.7-61.fc13.x86_64 #1 SMP Tue Oct 19 04:06:30 UTC 2010 x86_64
libc:glibc 2.12.1 NPTL 2.12.1 
rlimit: STACK 10240k, CORE 0k, NPROC 1024, NOFILE 1024, AS infinity
load average:0.25 0.21 0.18

CPU:total 8 (8 cores per cpu, 2 threads per core) family 6 model 30 stepping 5, cmov, cx8, fxsr, mmx, sse, sse2, sse3, ssse3, sse4.1, sse4.2, popcnt, ht

Memory: 4k page, physical 8185140k(6412072k free), swap 9215996k(9215996k free)

vm_info: Java HotSpot(TM) 64-Bit Server VM (17.1-b03) for linux-amd64 JRE (1.6.0_22-b04), built on Sep 15 2010 01:07:59 by "java_re" with gcc 3.2.2 (SuSE Linux)

time: Sat Nov 13 13:15:33 2010
elapsed time: 2 seconds

