#
# A fatal error has been detected by the Java Runtime Environment:
#
#  SIGSEGV (0xb) at pc=0x00007f71456dc733, pid=3620, tid=140124475492112
#
# JRE version: 6.0_22-b04
# Java VM: Java HotSpot(TM) 64-Bit Server VM (17.1-b03 mixed mode linux-amd64 )
# Problematic frame:
# C  [librxtxSerial.so+0x7733]  Java_gnu_io_RXTXPort_nativeDrain+0xc3
#
# If you would like to submit a bug report, please visit:
#   http://java.sun.com/webapps/bugreport/crash.jsp
# The crash happened outside the Java Virtual Machine in native code.
# See problematic frame for where to report the bug.
#

---------------  T H R E A D  ---------------

Current thread (0x00007f71fc215000):  JavaThread "AWT-EventQueue-0" [_thread_in_native, id=3641, stack(0x00007f7145860000,0x00007f7145961000)]

siginfo:si_signo=SIGSEGV: si_errno=0, si_code=1 (SEGV_MAPERR), si_addr=0x00000000456d37ac

Registers:
RAX=0x000000000000001c, RBX=0x00007f714595e320, RCX=0x0000000000000001, RDX=0x000000000000001b
RSP=0x00007f714595e150, RBP=0x0000000000000000, RSI=0x00007f71456df0cb, RDI=0x00007f714595e320
R8 =0x0000000000000000, R9 =0x0000000000000001, R10=0x00007f714595ded0, R11=0x0000000000000000
R12=0x000000000000000f, R13=0x00007f71fc2151c8, R14=0x00000000456d37a0, R15=0x0000000000000000
RIP=0x00007f71456dc733, EFL=0x0000000000010206, CSGSFS=0x0000000000000033, ERR=0x0000000000000004
  TRAPNO=0x000000000000000e

Top of Stack: (sp=0x00007f714595e150)
0x00007f714595e150:   00007f714595e078 00007f714595e428
0x00007f714595e160:   00007f714595e141 0000000800000002
0x00007f714595e170:   00007f713c000e00 00007f714595e1d0
0x00007f714595e180:   00007f714595e250 00007f72046094e8
0x00007f714595e190:   00007f71fc215000 00007f7204631520
0x00007f714595e1a0:   00007f714595e357 00007f7138003c28
0x00007f714595e1b0:   00007f7138003c38 00007f7138003c30
0x00007f714595e1c0:   00007f710000000b 00007f71456dc670
0x00007f714595e1d0:   00007f720496a3b0 0000005000000000
0x00007f714595e1e0:   0000000000000020 0000000000000000
0x00007f714595e1f0:   0000000000000000 00007f713c000d40
0x00007f714595e200:   0000000000000020 0000000000000100
0x00007f714595e210:   0000000000000000 00007f713c000c10
0x00007f714595e220:   0000000000000020 00007f7138003c28
0x00007f714595e230:   00007f71fc215000 0000000000000003
0x00007f714595e240:   00007f714595e357 00007f713c000d10
0x00007f714595e250:   00007f714595e2a0 00007f7204609657
0x00007f714595e260:   00007f71fc215000 00007f72045fac74
0x00007f714595e270:   0000000000000001 00007f71fc215000
0x00007f714595e280:   00007f714595e357 00007f7138003c28
0x00007f714595e290:   00007f714595e357 00007f71fc215000
0x00007f714595e2a0:   00007f714595e2f0 00007f72046099f3
0x00007f714595e2b0:   00007f71fc2004f0 00007f713c000c00
0x00007f714595e2c0:   00007f720496e5d0 00007f7138003c68
0x00007f714595e2d0:   0000000000000003 0000000000000000
0x00007f714595e2e0:   0000000000001428 00007f7100000009
0x00007f714595e2f0:   00007f7138003c28 00007f7204609b2a
0x00007f714595e300:   00007f71fc004200 000000b60460e168
0x00007f714595e310:   00007f7138003c40 00007f71fc215000
0x00007f714595e320:   74726f5058545852 29286e696172643a
0x00007f714595e330:   736e727574657220 00007f000a30203a
0x00007f714595e340:   00007f714595e390 00007f720441a3b0 

Instructions: (pc=0x00007f71456dc733)
0x00007f71456dc723:   ff ff 85 ed 75 57 45 84 ff 75 12 4d 85 f6 74 0d
0x00007f71456dc733:   41 8b 4e 0c 85 c9 75 6c 66 66 90 66 90 48 8b 9c 

Stack: [0x00007f7145860000,0x00007f7145961000],  sp=0x00007f714595e150,  free space=3f80000000000000018k
Native frames: (J=compiled Java code, j=interpreted, Vv=VM code, C=native code)
C  [librxtxSerial.so+0x7733]  Java_gnu_io_RXTXPort_nativeDrain+0xc3

[error occurred during error reporting (printing native stack), id 0xb]

Java frames: (J=compiled Java code, j=interpreted, Vv=VM code)
j  gnu.io.RXTXPort.nativeDrain(Z)Z+0
j  gnu.io.RXTXPort$SerialOutputStream.flush()V+72
j  com.google.code.xbeejavaapi.api.LocalXBee.write(I)V+61
j  com.google.code.xbeejavaapi.api.LocalXBee.write(Ljava/lang/String;)V+61
j  com.google.code.xbeejavaapi.api.LocalXBee.setAPIMode()V+3
j  com.google.code.xbeejavaapi.api.LocalXBee.<init>(Ljava/io/InputStream;Ljava/io/OutputStream;)V+85
j  com.google.code.xbeejavaapi.api.XBeeFactory$1.<init>(Lcom/google/code/xbeejavaapi/api/XBeeFactory;Ljava/io/InputStream;Ljava/io/OutputStream;Lgnu/io/SerialPort;)V+14
j  com.google.code.xbeejavaapi.api.XBeeFactory.newXBee()Lcom/google/code/xbeejavaapi/api/LocalXBee;+136
j  com.google.code.xbeejavaapi.configapp.MainFrame.jButton1ActionPerformed(Ljava/awt/event/ActionEvent;)V+27
j  com.google.code.xbeejavaapi.configapp.MainFrame.access$000(Lcom/google/code/xbeejavaapi/configapp/MainFrame;Ljava/awt/event/ActionEvent;)V+2
j  com.google.code.xbeejavaapi.configapp.MainFrame$1.actionPerformed(Ljava/awt/event/ActionEvent;)V+5
j  javax.swing.AbstractButton.fireActionPerformed(Ljava/awt/event/ActionEvent;)V+84
j  javax.swing.AbstractButton$Handler.actionPerformed(Ljava/awt/event/ActionEvent;)V+5
j  javax.swing.DefaultButtonModel.fireActionPerformed(Ljava/awt/event/ActionEvent;)V+35
j  javax.swing.DefaultButtonModel.setPressed(Z)V+117
j  javax.swing.plaf.basic.BasicButtonListener$Actions.actionPerformed(Ljava/awt/event/ActionEvent;)V+70
j  javax.swing.SwingUtilities.notifyAction(Ljavax/swing/Action;Ljavax/swing/KeyStroke;Ljava/awt/event/KeyEvent;Ljava/lang/Object;I)Z+132
j  javax.swing.JComponent.processKeyBinding(Ljavax/swing/KeyStroke;Ljava/awt/event/KeyEvent;IZ)Z+72
j  javax.swing.JComponent.processKeyBindings(Ljava/awt/event/KeyEvent;Z)Z+56
j  javax.swing.JComponent.processKeyEvent(Ljava/awt/event/KeyEvent;)V+51
j  java.awt.Component.processEvent(Ljava/awt/AWTEvent;)V+121
j  java.awt.Container.processEvent(Ljava/awt/AWTEvent;)V+18
j  java.awt.Component.dispatchEventImpl(Ljava/awt/AWTEvent;)V+566
j  java.awt.Container.dispatchEventImpl(Ljava/awt/AWTEvent;)V+42
j  java.awt.Component.dispatchEvent(Ljava/awt/AWTEvent;)V+2
j  java.awt.KeyboardFocusManager.redispatchEvent(Ljava/awt/Component;Ljava/awt/AWTEvent;)V+7
j  java.awt.DefaultKeyboardFocusManager.dispatchKeyEvent(Ljava/awt/event/KeyEvent;)Z+70
j  java.awt.DefaultKeyboardFocusManager.preDispatchKeyEvent(Ljava/awt/event/KeyEvent;)Z+140
j  java.awt.DefaultKeyboardFocusManager.typeAheadAssertions(Ljava/awt/Component;Ljava/awt/AWTEvent;)Z+175
j  java.awt.DefaultKeyboardFocusManager.dispatchEvent(Ljava/awt/AWTEvent;)Z+1524
j  java.awt.Component.dispatchEventImpl(Ljava/awt/AWTEvent;)V+131
j  java.awt.Container.dispatchEventImpl(Ljava/awt/AWTEvent;)V+42
j  java.awt.Window.dispatchEventImpl(Ljava/awt/AWTEvent;)V+19
j  java.awt.Component.dispatchEvent(Ljava/awt/AWTEvent;)V+2
j  java.awt.EventQueue.dispatchEvent(Ljava/awt/AWTEvent;)V+46
j  java.awt.EventDispatchThread.pumpOneEventForFilters(I)Z+204
j  java.awt.EventDispatchThread.pumpEventsForFilter(ILjava/awt/Conditional;Ljava/awt/EventFilter;)V+30
j  java.awt.EventDispatchThread.pumpEventsForHierarchy(ILjava/awt/Conditional;Ljava/awt/Component;)V+11
j  java.awt.EventDispatchThread.pumpEvents(ILjava/awt/Conditional;)V+4
j  java.awt.EventDispatchThread.pumpEvents(Ljava/awt/Conditional;)V+3
j  java.awt.EventDispatchThread.run()V+9
v  ~StubRoutines::call_stub

---------------  P R O C E S S  ---------------

Java Threads: ( => current thread )
  0x00007f7124018800 JavaThread "Thread-1" [_thread_in_native, id=3642, stack(0x00007f71455d4000,0x00007f71456d5000)]
  0x00007f71fc007000 JavaThread "DestroyJavaVM" [_thread_blocked, id=3621, stack(0x00007f7203f36000,0x00007f7204037000)]
=>0x00007f71fc215000 JavaThread "AWT-EventQueue-0" [_thread_in_native, id=3641, stack(0x00007f7145860000,0x00007f7145961000)]
  0x00007f71fc230000 JavaThread "AWT-Shutdown" [_thread_blocked, id=3640, stack(0x00007f7145961000,0x00007f7145a62000)]
  0x00007f71fc206000 JavaThread "AWT-XAWT" daemon [_thread_in_native, id=3639, stack(0x00007f7145a62000,0x00007f7145b63000)]
  0x00007f71fc195000 JavaThread "Java2D Disposer" daemon [_thread_blocked, id=3638, stack(0x00007f7145d82000,0x00007f7145e83000)]
  0x00007f71fc0bf000 JavaThread "Low Memory Detector" daemon [_thread_blocked, id=3636, stack(0x00007f717831e000,0x00007f717841f000)]
  0x00007f71fc0bd000 JavaThread "CompilerThread1" daemon [_thread_blocked, id=3635, stack(0x00007f717841f000,0x00007f7178520000)]
  0x00007f71fc0ba000 JavaThread "CompilerThread0" daemon [_thread_blocked, id=3634, stack(0x00007f7178520000,0x00007f7178621000)]
  0x00007f71fc0b8000 JavaThread "Signal Dispatcher" daemon [_thread_blocked, id=3633, stack(0x00007f7178621000,0x00007f7178722000)]
  0x00007f71fc099000 JavaThread "Finalizer" daemon [_thread_blocked, id=3632, stack(0x00007f7178722000,0x00007f7178823000)]
  0x00007f71fc097000 JavaThread "Reference Handler" daemon [_thread_blocked, id=3631, stack(0x00007f7178823000,0x00007f7178924000)]

Other Threads:
  0x00007f71fc092800 VMThread [stack: 0x00007f7178924000,0x00007f7178a25000] [id=3630]
  0x00007f71fc0ca000 WatcherThread [stack: 0x00007f717821d000,0x00007f717831e000] [id=3637]

VM state:not at safepoint (normal execution)

VM Mutex/Monitor currently owned by a thread: None

Heap
 PSYoungGen      total 37312K, used 7786K [0x00007f71d2560000, 0x00007f71d4f00000, 0x00007f71fc000000)
  eden space 32000K, 24% used [0x00007f71d2560000,0x00007f71d2cfa960,0x00007f71d44a0000)
  from space 5312K, 0% used [0x00007f71d49d0000,0x00007f71d49d0000,0x00007f71d4f00000)
  to   space 5312K, 0% used [0x00007f71d44a0000,0x00007f71d44a0000,0x00007f71d49d0000)
 PSOldGen        total 85312K, used 0K [0x00007f717f000000, 0x00007f7184350000, 0x00007f71d2560000)
  object space 85312K, 0% used [0x00007f717f000000,0x00007f717f000000,0x00007f7184350000)
 PSPermGen       total 21248K, used 14458K [0x00007f7179c00000, 0x00007f717b0c0000, 0x00007f717f000000)
  object space 21248K, 68% used [0x00007f7179c00000,0x00007f717aa1e8e0,0x00007f717b0c0000)

Dynamic libraries:
40000000-40009000 r-xp 00000000 08:12 1836666                            /fast/jdk1.6.0_22/bin/java
40108000-4010a000 rwxp 00008000 08:12 1836666                            /fast/jdk1.6.0_22/bin/java
40a6e000-40a8f000 rwxp 00000000 00:00 0                                  [heap]
3503c00000-3503c05000 r-xp 00000000 08:12 571105                         /usr/lib64/libXtst.so.6.1.0
3503c05000-3503e05000 ---p 00005000 08:12 571105                         /usr/lib64/libXtst.so.6.1.0
3503e05000-3503e06000 rwxp 00005000 08:12 571105                         /usr/lib64/libXtst.so.6.1.0
3b0fe00000-3b0fe16000 r-xp 00000000 08:12 2359299                        /lib64/libnsl-2.12.1.so
3b0fe16000-3b10015000 ---p 00016000 08:12 2359299                        /lib64/libnsl-2.12.1.so
3b10015000-3b10016000 r-xp 00015000 08:12 2359299                        /lib64/libnsl-2.12.1.so
3b10016000-3b10017000 rwxp 00016000 08:12 2359299                        /lib64/libnsl-2.12.1.so
3b10017000-3b10019000 rwxp 00000000 00:00 0 
3d41000000-3d4101e000 r-xp 00000000 08:12 2359521                        /lib64/ld-2.12.1.so
3d4121d000-3d4121e000 r-xp 0001d000 08:12 2359521                        /lib64/ld-2.12.1.so
3d4121e000-3d4121f000 rwxp 0001e000 08:12 2359521                        /lib64/ld-2.12.1.so
3d4121f000-3d41220000 rwxp 00000000 00:00 0 
3d41400000-3d41575000 r-xp 00000000 08:12 2359527                        /lib64/libc-2.12.1.so
3d41575000-3d41775000 ---p 00175000 08:12 2359527                        /lib64/libc-2.12.1.so
3d41775000-3d41779000 r-xp 00175000 08:12 2359527                        /lib64/libc-2.12.1.so
3d41779000-3d4177a000 rwxp 00179000 08:12 2359527                        /lib64/libc-2.12.1.so
3d4177a000-3d4177f000 rwxp 00000000 00:00 0 
3d41800000-3d41817000 r-xp 00000000 08:12 2359758                        /lib64/libpthread-2.12.1.so
3d41817000-3d41a16000 ---p 00017000 08:12 2359758                        /lib64/libpthread-2.12.1.so
3d41a16000-3d41a17000 r-xp 00016000 08:12 2359758                        /lib64/libpthread-2.12.1.so
3d41a17000-3d41a18000 rwxp 00017000 08:12 2359758                        /lib64/libpthread-2.12.1.so
3d41a18000-3d41a1c000 rwxp 00000000 00:00 0 
3d41c00000-3d41c02000 r-xp 00000000 08:12 2359560                        /lib64/libdl-2.12.1.so
3d41c02000-3d41e02000 ---p 00002000 08:12 2359560                        /lib64/libdl-2.12.1.so
3d41e02000-3d41e03000 r-xp 00002000 08:12 2359560                        /lib64/libdl-2.12.1.so
3d41e03000-3d41e04000 rwxp 00003000 08:12 2359560                        /lib64/libdl-2.12.1.so
3d42000000-3d42007000 r-xp 00000000 08:12 2359767                        /lib64/librt-2.12.1.so
3d42007000-3d42206000 ---p 00007000 08:12 2359767                        /lib64/librt-2.12.1.so
3d42206000-3d42207000 r-xp 00006000 08:12 2359767                        /lib64/librt-2.12.1.so
3d42207000-3d42208000 rwxp 00007000 08:12 2359767                        /lib64/librt-2.12.1.so
3d42400000-3d42483000 r-xp 00000000 08:12 2359768                        /lib64/libm-2.12.1.so
3d42483000-3d42682000 ---p 00083000 08:12 2359768                        /lib64/libm-2.12.1.so
3d42682000-3d42683000 r-xp 00082000 08:12 2359768                        /lib64/libm-2.12.1.so
3d42683000-3d42684000 rwxp 00083000 08:12 2359768                        /lib64/libm-2.12.1.so
3d44800000-3d44802000 r-xp 00000000 08:12 526527                         /usr/lib64/libXau.so.6.0.0
3d44802000-3d44a02000 ---p 00002000 08:12 526527                         /usr/lib64/libXau.so.6.0.0
3d44a02000-3d44a03000 rwxp 00002000 08:12 526527                         /usr/lib64/libXau.so.6.0.0
3d44c00000-3d44d39000 r-xp 00000000 08:12 527899                         /usr/lib64/libX11.so.6.3.0
3d44d39000-3d44f39000 ---p 00139000 08:12 527899                         /usr/lib64/libX11.so.6.3.0
3d44f39000-3d44f3f000 rwxp 00139000 08:12 527899                         /usr/lib64/libX11.so.6.3.0
3d45000000-3d4501b000 r-xp 00000000 08:12 527898                         /usr/lib64/libxcb.so.1.1.0
3d4501b000-3d4521a000 ---p 0001b000 08:12 527898                         /usr/lib64/libxcb.so.1.1.0
3d4521a000-3d4521b000 rwxp 0001a000 08:12 527898                         /usr/lib64/libxcb.so.1.1.0
3d45800000-3d45811000 r-xp 00000000 08:12 527928                         /usr/lib64/libXext.so.6.4.0
3d45811000-3d45a11000 ---p 00011000 08:12 527928                         /usr/lib64/libXext.so.6.4.0
3d45a11000-3d45a12000 rwxp 00011000 08:12 527928                         /usr/lib64/libXext.so.6.4.0
3d46c00000-3d46c0f000 r-xp 00000000 08:12 529258                         /usr/lib64/libXi.so.6.1.0
3d46c0f000-3d46e0e000 ---p 0000f000 08:12 529258                         /usr/lib64/libXi.so.6.1.0
3d46e0e000-3d46e0f000 rwxp 0000e000 08:12 529258                         /usr/lib64/libXi.so.6.1.0
3d47000000-3d47009000 r-xp 00000000 08:12 529540                         /usr/lib64/libXcursor.so.1.0.2
3d47009000-3d47209000 ---p 00009000 08:12 529540                         /usr/lib64/libXcursor.so.1.0.2
3d47209000-3d4720a000 rwxp 00009000 08:12 529540                         /usr/lib64/libXcursor.so.1.0.2
3d48400000-3d48409000 r-xp 00000000 08:12 527900                         /usr/lib64/libXrender.so.1.3.0
3d48409000-3d48609000 ---p 00009000 08:12 527900                         /usr/lib64/libXrender.so.1.3.0
3d48609000-3d4860a000 rwxp 00009000 08:12 527900                         /usr/lib64/libXrender.so.1.3.0
3d4a400000-3d4a405000 r-xp 00000000 08:12 529427                         /usr/lib64/libXfixes.so.3.1.0
3d4a405000-3d4a604000 ---p 00005000 08:12 529427                         /usr/lib64/libXfixes.so.3.1.0
3d4a604000-3d4a605000 rwxp 00004000 08:12 529427                         /usr/lib64/libXfixes.so.3.1.0
7f7118000000-7f7118021000 rwxp 00000000 00:00 0 
7f7118021000-7f711c000000 ---p 00000000 00:00 0 
7f7120000000-7f7120021000 rwxp 00000000 00:00 0 
7f7120021000-7f7124000000 ---p 00000000 00:00 0 
7f7124000000-7f7124117000 rwxp 00000000 00:00 0 
7f7124117000-7f7128000000 ---p 00000000 00:00 0 
7f7128000000-7f7128021000 rwxp 00000000 00:00 0 
7f7128021000-7f712c000000 ---p 00000000 00:00 0 
7f712c000000-7f712c021000 rwxp 00000000 00:00 0 
7f712c021000-7f7130000000 ---p 00000000 00:00 0 
7f7130000000-7f7130021000 rwxp 00000000 00:00 0 
7f7130021000-7f7134000000 ---p 00000000 00:00 0 
7f7134000000-7f7134021000 rwxp 00000000 00:00 0 
7f7134021000-7f7138000000 ---p 00000000 00:00 0 
7f7138000000-7f713814e000 rwxp 00000000 00:00 0 
7f713814e000-7f713c000000 ---p 00000000 00:00 0 
7f713c000000-7f713c18e000 rwxp 00000000 00:00 0 
7f713c18e000-7f7140000000 ---p 00000000 00:00 0 
7f7140000000-7f7140021000 rwxp 00000000 00:00 0 
7f7140021000-7f7144000000 ---p 00000000 00:00 0 
7f71455d4000-7f71455d7000 ---p 00000000 00:00 0 
7f71455d7000-7f71456d5000 rwxp 00000000 00:00 0 
7f71456d5000-7f71456e1000 r-xp 00000000 08:05 25518650                   /mnt/sda7/home/david/lib/librxtxSerial.so
7f71456e1000-7f71457e0000 ---p 0000c000 08:05 25518650                   /mnt/sda7/home/david/lib/librxtxSerial.so
7f71457e0000-7f71457e2000 rwxp 0000b000 08:05 25518650                   /mnt/sda7/home/david/lib/librxtxSerial.so
7f7145860000-7f7145863000 ---p 00000000 00:00 0 
7f7145863000-7f7145961000 rwxp 00000000 00:00 0 
7f7145961000-7f7145964000 ---p 00000000 00:00 0 
7f7145964000-7f7145a62000 rwxp 00000000 00:00 0 
7f7145a62000-7f7145a65000 ---p 00000000 00:00 0 
7f7145a65000-7f7145b63000 rwxp 00000000 00:00 0 
7f7145b63000-7f7145b6a000 r-xp 00000000 08:12 1837302                    /fast/jdk1.6.0_22/jre/lib/amd64/libnio.so
7f7145b6a000-7f7145c69000 ---p 00007000 08:12 1837302                    /fast/jdk1.6.0_22/jre/lib/amd64/libnio.so
7f7145c69000-7f7145c6b000 rwxp 00006000 08:12 1837302                    /fast/jdk1.6.0_22/jre/lib/amd64/libnio.so
7f7145c6b000-7f7145c7e000 r-xp 00000000 08:12 1837301                    /fast/jdk1.6.0_22/jre/lib/amd64/libnet.so
7f7145c7e000-7f7145d7f000 ---p 00013000 08:12 1837301                    /fast/jdk1.6.0_22/jre/lib/amd64/libnet.so
7f7145d7f000-7f7145d82000 rwxp 00014000 08:12 1837301                    /fast/jdk1.6.0_22/jre/lib/amd64/libnet.so
7f7145d82000-7f7145d85000 ---p 00000000 00:00 0 
7f7145d85000-7f7145e83000 rwxp 00000000 00:00 0 
7f7145e83000-7f7145efc000 r-xp 00000000 08:12 1837310                    /fast/jdk1.6.0_22/jre/lib/amd64/libfontmanager.so
7f7145efc000-7f7145ffb000 ---p 00079000 08:12 1837310                    /fast/jdk1.6.0_22/jre/lib/amd64/libfontmanager.so
7f7145ffb000-7f7146010000 rwxp 00078000 08:12 1837310                    /fast/jdk1.6.0_22/jre/lib/amd64/libfontmanager.so
7f7146010000-7f7146021000 rwxp 00000000 00:00 0 
7f7146021000-7f7146063000 r-xp 00000000 08:12 1837299                    /fast/jdk1.6.0_22/jre/lib/amd64/xawt/libmawt.so
7f7146063000-7f7146162000 ---p 00042000 08:12 1837299                    /fast/jdk1.6.0_22/jre/lib/amd64/xawt/libmawt.so
7f7146162000-7f714616d000 rwxp 00041000 08:12 1837299                    /fast/jdk1.6.0_22/jre/lib/amd64/xawt/libmawt.so
7f714616d000-7f714616f000 rwxp 00000000 00:00 0 
7f714616f000-7f714c000000 r-xp 00000000 08:12 567748                     /usr/lib/locale/locale-archive
7f714c000000-7f714c021000 rwxp 00000000 00:00 0 
7f714c021000-7f7150000000 ---p 00000000 00:00 0 
7f7150000000-7f7150021000 rwxp 00000000 00:00 0 
7f7150021000-7f7154000000 ---p 00000000 00:00 0 
7f7154000000-7f7154021000 rwxp 00000000 00:00 0 
7f7154021000-7f7158000000 ---p 00000000 00:00 0 
7f7158000000-7f7158021000 rwxp 00000000 00:00 0 
7f7158021000-7f715c000000 ---p 00000000 00:00 0 
7f715c000000-7f715c021000 rwxp 00000000 00:00 0 
7f715c021000-7f7160000000 ---p 00000000 00:00 0 
7f7160000000-7f7160021000 rwxp 00000000 00:00 0 
7f7160021000-7f7164000000 ---p 00000000 00:00 0 
7f7164000000-7f7164021000 rwxp 00000000 00:00 0 
7f7164021000-7f7168000000 ---p 00000000 00:00 0 
7f7168000000-7f7168021000 rwxp 00000000 00:00 0 
7f7168021000-7f716c000000 ---p 00000000 00:00 0 
7f716c000000-7f716c021000 rwxp 00000000 00:00 0 
7f716c021000-7f7170000000 ---p 00000000 00:00 0 
7f7170000000-7f7170021000 rwxp 00000000 00:00 0 
7f7170021000-7f7174000000 ---p 00000000 00:00 0 
7f7174000000-7f7174021000 rwxp 00000000 00:00 0 
7f7174021000-7f7178000000 ---p 00000000 00:00 0 
7f7178039000-7f71780cb000 r-xp 00000000 08:12 1837346                    /fast/jdk1.6.0_22/jre/lib/amd64/libawt.so
7f71780cb000-7f71781ca000 ---p 00092000 08:12 1837346                    /fast/jdk1.6.0_22/jre/lib/amd64/libawt.so
7f71781ca000-7f71781e3000 rwxp 00091000 08:12 1837346                    /fast/jdk1.6.0_22/jre/lib/amd64/libawt.so
7f71781e3000-7f7178208000 rwxp 00000000 00:00 0 
7f7178208000-7f717820a000 r-xs 0000d000 08:05 25680911                   /mnt/sda7/home/david/JavaProjects/xbee-java-api/trunk/xbee-java-api/dist/lib/RXTXcomm.jar
7f717820a000-7f7178211000 r-xs 00059000 08:05 25680910                   /mnt/sda7/home/david/JavaProjects/xbee-java-api/trunk/xbee-java-api/dist/lib/log4j-1.2.15.jar
7f7178211000-7f7178217000 r-xs 00069000 08:05 25680912                   /mnt/sda7/home/david/JavaProjects/xbee-java-api/trunk/xbee-java-api/dist/xbee-java-api.jar
7f7178217000-7f717821d000 r-xs 00069000 08:05 25680912                   /mnt/sda7/home/david/JavaProjects/xbee-java-api/trunk/xbee-java-api/dist/xbee-java-api.jar
7f717821d000-7f717821e000 ---p 00000000 00:00 0 
7f717821e000-7f717831e000 rwxp 00000000 00:00 0 
7f717831e000-7f7178321000 ---p 00000000 00:00 0 
7f7178321000-7f717841f000 rwxp 00000000 00:00 0 
7f717841f000-7f7178422000 ---p 00000000 00:00 0 
7f7178422000-7f7178520000 rwxp 00000000 00:00 0 
7f7178520000-7f7178523000 ---p 00000000 00:00 0 
7f7178523000-7f7178621000 rwxp 00000000 00:00 0 
7f7178621000-7f7178624000 ---p 00000000 00:00 0 
7f7178624000-7f7178722000 rwxp 00000000 00:00 0 
7f7178722000-7f7178725000 ---p 00000000 00:00 0 
7f7178725000-7f7178823000 rwxp 00000000 00:00 0 
7f7178823000-7f7178826000 ---p 00000000 00:00 0 
7f7178826000-7f7178924000 rwxp 00000000 00:00 0 
7f7178924000-7f7178925000 ---p 00000000 00:00 0 
7f7178925000-7f7179361000 rwxp 00000000 00:00 0 
7f7179361000-7f71794f9000 r-xs 03013000 08:12 1835012                    /fast/jdk1.6.0_22/jre/lib/rt.jar
7f71794f9000-7f71794fa000 ---p 00000000 00:00 0 
7f71794fa000-7f71795fa000 rwxp 00000000 00:00 0 
7f71795fa000-7f71795fb000 ---p 00000000 00:00 0 
7f71795fb000-7f71796fb000 rwxp 00000000 00:00 0 
7f71796fb000-7f71796fc000 ---p 00000000 00:00 0 
7f71796fc000-7f71797fc000 rwxp 00000000 00:00 0 
7f71797fc000-7f71797fd000 ---p 00000000 00:00 0 
7f71797fd000-7f71798fd000 rwxp 00000000 00:00 0 
7f71798fd000-7f71798fe000 ---p 00000000 00:00 0 
7f71798fe000-7f71799fe000 rwxp 00000000 00:00 0 
7f71799fe000-7f71799ff000 ---p 00000000 00:00 0 
7f71799ff000-7f7179aff000 rwxp 00000000 00:00 0 
7f7179aff000-7f7179b00000 ---p 00000000 00:00 0 
7f7179b00000-7f717b0c0000 rwxp 00000000 00:00 0 
7f717b0c0000-7f717f000000 rwxp 00000000 00:00 0 
7f717f000000-7f7184350000 rwxp 00000000 00:00 0 
7f7184350000-7f71d2560000 rwxp 00000000 00:00 0 
7f71d2560000-7f71d4f00000 rwxp 00000000 00:00 0 
7f71d4f00000-7f71fc27d000 rwxp 00000000 00:00 0 
7f71fc27d000-7f7200000000 ---p 00000000 00:00 0 
7f720000f000-7f7200010000 ---p 00000000 00:00 0 
7f7200010000-7f720011b000 rwxp 00000000 00:00 0 
7f720011b000-7f720013a000 rwxp 00000000 00:00 0 
7f720013a000-7f7200164000 rwxp 00000000 00:00 0 
7f7200164000-7f72003d5000 rwxp 00000000 00:00 0 
7f72003d5000-7f72003e0000 rwxp 00000000 00:00 0 
7f72003e0000-7f72003ff000 rwxp 00000000 00:00 0 
7f72003ff000-7f7200429000 rwxp 00000000 00:00 0 
7f7200429000-7f7200699000 rwxp 00000000 00:00 0 
7f7200699000-7f72006af000 rwxp 00000000 00:00 0 
7f72006af000-7f72007e7000 rwxp 00000000 00:00 0 
7f72007e7000-7f72007f2000 rwxp 00000000 00:00 0 
7f72007f2000-7f72008a8000 rwxp 00000000 00:00 0 
7f72008a8000-7f7200b18000 rwxp 00000000 00:00 0 
7f7200b18000-7f72038a8000 rwxp 00000000 00:00 0 
7f72038a8000-7f72038b6000 r-xp 00000000 08:12 1837312                    /fast/jdk1.6.0_22/jre/lib/amd64/libzip.so
7f72038b6000-7f72039b8000 ---p 0000e000 08:12 1837312                    /fast/jdk1.6.0_22/jre/lib/amd64/libzip.so
7f72039b8000-7f72039bb000 rwxp 00010000 08:12 1837312                    /fast/jdk1.6.0_22/jre/lib/amd64/libzip.so
7f72039bb000-7f72039bc000 rwxp 00000000 00:00 0 
7f72039bc000-7f72039c8000 r-xp 00000000 08:12 2359326                    /lib64/libnss_files-2.12.1.so
7f72039c8000-7f7203bc7000 ---p 0000c000 08:12 2359326                    /lib64/libnss_files-2.12.1.so
7f7203bc7000-7f7203bc8000 r-xp 0000b000 08:12 2359326                    /lib64/libnss_files-2.12.1.so
7f7203bc8000-7f7203bc9000 rwxp 0000c000 08:12 2359326                    /lib64/libnss_files-2.12.1.so
7f7203bed000-7f7203bf4000 r-xp 00000000 08:12 1837314                    /fast/jdk1.6.0_22/jre/lib/amd64/native_threads/libhpi.so
7f7203bf4000-7f7203cf5000 ---p 00007000 08:12 1837314                    /fast/jdk1.6.0_22/jre/lib/amd64/native_threads/libhpi.so
7f7203cf5000-7f7203cf7000 rwxp 00008000 08:12 1837314                    /fast/jdk1.6.0_22/jre/lib/amd64/native_threads/libhpi.so
7f7203cf7000-7f7203cf8000 rwxp 00000000 00:00 0 
7f7203cf8000-7f7203d20000 r-xp 00000000 08:12 1837325                    /fast/jdk1.6.0_22/jre/lib/amd64/libjava.so
7f7203d20000-7f7203e20000 ---p 00028000 08:12 1837325                    /fast/jdk1.6.0_22/jre/lib/amd64/libjava.so
7f7203e20000-7f7203e27000 rwxp 00028000 08:12 1837325                    /fast/jdk1.6.0_22/jre/lib/amd64/libjava.so
7f7203e27000-7f7203e34000 r-xp 00000000 08:12 1837307                    /fast/jdk1.6.0_22/jre/lib/amd64/libverify.so
7f7203e34000-7f7203f33000 ---p 0000d000 08:12 1837307                    /fast/jdk1.6.0_22/jre/lib/amd64/libverify.so
7f7203f33000-7f7203f36000 rwxp 0000c000 08:12 1837307                    /fast/jdk1.6.0_22/jre/lib/amd64/libverify.so
7f7203f36000-7f7203f39000 ---p 00000000 00:00 0 
7f7203f39000-7f7204037000 rwxp 00000000 00:00 0 
7f7204037000-7f7204811000 r-xp 00000000 08:12 1837332                    /fast/jdk1.6.0_22/jre/lib/amd64/server/libjvm.so
7f7204811000-7f7204913000 ---p 007da000 08:12 1837332                    /fast/jdk1.6.0_22/jre/lib/amd64/server/libjvm.so
7f7204913000-7f7204aa4000 rwxp 007dc000 08:12 1837332                    /fast/jdk1.6.0_22/jre/lib/amd64/server/libjvm.so
7f7204aa4000-7f7204ae2000 rwxp 00000000 00:00 0 
7f7204ae2000-7f7204ae9000 r-xp 00000000 08:12 1837297                    /fast/jdk1.6.0_22/jre/lib/amd64/jli/libjli.so
7f7204ae9000-7f7204bea000 ---p 00007000 08:12 1837297                    /fast/jdk1.6.0_22/jre/lib/amd64/jli/libjli.so
7f7204bea000-7f7204bec000 rwxp 00008000 08:12 1837297                    /fast/jdk1.6.0_22/jre/lib/amd64/jli/libjli.so
7f7204bec000-7f7204bed000 rwxp 00000000 00:00 0 
7f7204bf1000-7f7204c06000 rwxs 00000000 00:04 1769502                    /SYSV00000000 (deleted)
7f7204c06000-7f7204c07000 rwxp 00000000 00:00 0 
7f7204c07000-7f7204c0f000 rwxs 00000000 08:12 2103085                    /tmp/hsperfdata_david/3620
7f7204c0f000-7f7204c10000 rwxp 00000000 00:00 0 
7f7204c10000-7f7204c11000 r-xp 00000000 00:00 0 
7f7204c11000-7f7204c12000 rwxp 00000000 00:00 0 
7fffaa5fa000-7fffaa61b000 rwxp 00000000 00:00 0                          [stack]
7fffaa64e000-7fffaa64f000 r-xp 00000000 00:00 0                          [vdso]
ffffffffff600000-ffffffffff601000 r-xp 00000000 00:00 0                  [vsyscall]

VM Arguments:
java_command: dist/xbee-java-api.jar
Launcher Type: SUN_STANDARD

Environment Variables:
JAVA_HOME=/opt/jdk/
PATH=/usr/lib64/qt-3.3/bin:/usr/kerberos/sbin:/usr/kerberos/bin:/usr/local/bin:/usr/bin:/bin:/usr/local/sbin:/usr/sbin:/sbin:/opt/netbeans-6.9/java/ant/bin/:/home/david/bin:/opt/netbeans-6.9/java/ant/bin/:/opt/netbeans-6.9/java/ant/bin/
USERNAME=david
LD_LIBRARY_PATH=/fast/jdk1.6.0_22/jre/lib/amd64/server:/fast/jdk1.6.0_22/jre/lib/amd64:/fast/jdk1.6.0_22/jre/../lib/amd64:/home/david/lib:/opt/JMF-2.1.1e//lib:/opt/JMF-2.1.1e//lib:
SHELL=/bin/bash
DISPLAY=:0.0

Signal Handlers:
SIGSEGV: [libjvm.so+0x731250], sa_mask[0]=0x7ffbfeff, sa_flags=0x10000004
SIGBUS: [libjvm.so+0x731250], sa_mask[0]=0x7ffbfeff, sa_flags=0x10000004
SIGFPE: [libjvm.so+0x5f5e30], sa_mask[0]=0x7ffbfeff, sa_flags=0x10000004
SIGPIPE: [libjvm.so+0x5f5e30], sa_mask[0]=0x7ffbfeff, sa_flags=0x10000004
SIGXFSZ: [libjvm.so+0x5f5e30], sa_mask[0]=0x7ffbfeff, sa_flags=0x10000004
SIGILL: [libjvm.so+0x5f5e30], sa_mask[0]=0x7ffbfeff, sa_flags=0x10000004
SIGUSR1: SIG_DFL, sa_mask[0]=0x00000000, sa_flags=0x00000000
SIGUSR2: [libjvm.so+0x5f8650], sa_mask[0]=0x00000000, sa_flags=0x10000004
SIGHUP: [libjvm.so+0x5f83a0], sa_mask[0]=0x7ffbfeff, sa_flags=0x10000004
SIGINT: [libjvm.so+0x5f83a0], sa_mask[0]=0x7ffbfeff, sa_flags=0x10000004
SIGTERM: [libjvm.so+0x5f83a0], sa_mask[0]=0x7ffbfeff, sa_flags=0x10000004
SIGQUIT: [libjvm.so+0x5f83a0], sa_mask[0]=0x7ffbfeff, sa_flags=0x10000004


---------------  S Y S T E M  ---------------

OS:Fedora release 13 (Goddard)

uname:Linux 2.6.34.7-61.fc13.x86_64 #1 SMP Tue Oct 19 04:06:30 UTC 2010 x86_64
libc:glibc 2.12.1 NPTL 2.12.1 
rlimit: STACK 10240k, CORE 0k, NPROC 1024, NOFILE 1024, AS infinity
load average:0.08 0.21 0.13

CPU:total 8 (8 cores per cpu, 2 threads per core) family 6 model 30 stepping 5, cmov, cx8, fxsr, mmx, sse, sse2, sse3, ssse3, sse4.1, sse4.2, popcnt, ht

Memory: 4k page, physical 8185140k(6736676k free), swap 9215996k(9215996k free)

vm_info: Java HotSpot(TM) 64-Bit Server VM (17.1-b03) for linux-amd64 JRE (1.6.0_22-b04), built on Sep 15 2010 01:07:59 by "java_re" with gcc 3.2.2 (SuSE Linux)

time: Sat Nov 13 12:38:01 2010
elapsed time: 5 seconds

