#
# A fatal error has been detected by the Java Runtime Environment:
#
#  SIGSEGV (0xb) at pc=0x00007f9b907a8733, pid=3775, tid=140306123245328
#
# JRE version: 6.0_22-b04
# Java VM: Java HotSpot(TM) 64-Bit Server VM (17.1-b03 mixed mode linux-amd64 )
# Problematic frame:
# C  [librxtxSerial.so+0x7733]  Java_gnu_io_RXTXPort_nativeDrain+0xc3
#
# If you would like to submit a bug report, please visit:
#   http://java.sun.com/webapps/bugreport/crash.jsp
# The crash happened outside the Java Virtual Machine in native code.
# See problematic frame for where to report the bug.
#

---------------  T H R E A D  ---------------

Current thread (0x00007f9c18228000):  JavaThread "AWT-EventQueue-0" [_thread_in_native, id=3796, stack(0x00007f9b9092c000,0x00007f9b90a2d000)]

siginfo:si_signo=SIGSEGV: si_errno=0, si_code=1 (SEGV_MAPERR), si_addr=0xffffffff9079f62c

Registers:
RAX=0x000000000000001c, RBX=0x00007f9b90a2a4a0, RCX=0x0000000000000001, RDX=0x000000000000001b
RSP=0x00007f9b90a2a2d0, RBP=0x0000000000000000, RSI=0x00007f9b907ab0cb, RDI=0x00007f9b90a2a4a0
R8 =0x0000000000000000, R9 =0x0000000000000001, R10=0x00007f9b90a2a050, R11=0x0000000000000000
R12=0x000000000000000f, R13=0x00007f9c182281c8, R14=0xffffffff9079f620, R15=0x0000000000000000
RIP=0x00007f9b907a8733, EFL=0x0000000000010282, CSGSFS=0x0000000000000033, ERR=0x0000000000000005
  TRAPNO=0x000000000000000e

Top of Stack: (sp=0x00007f9b90a2a2d0)
0x00007f9b90a2a2d0:   00007f9b90a2a1f8 00007f9b90a2a5a8
0x00007f9b90a2a2e0:   00007f9b90a2a2c1 0000000800000002
0x00007f9b90a2a2f0:   00007f9b54001a00 00007f9b90a2a350
0x00007f9b90a2a300:   00007f9b90a2a3d0 00007f9c1d8124e8
0x00007f9b90a2a310:   00007f9c18228000 00007f9c1d83a520
0x00007f9b90a2a320:   00007f9b90a2a4d7 00007f9b5402c7d8
0x00007f9b90a2a330:   00007f9b5402c7e8 00007f9b5402c7e0
0x00007f9b90a2a340:   00007f9b0000000b 00007f9b907a8670
0x00007f9b90a2a350:   00007f9c1db733b0 0000005000000000
0x00007f9b90a2a360:   0000000000000020 0000000000000000
0x00007f9b90a2a370:   0000000000000000 00007f9b54001910
0x00007f9b90a2a380:   0000000000000020 0000000000000100
0x00007f9b90a2a390:   0000000000000000 00007f9b540017e0
0x00007f9b90a2a3a0:   0000000000000020 00007f9b5402c7d8
0x00007f9b90a2a3b0:   00007f9c18228000 0000000000000003
0x00007f9b90a2a3c0:   00007f9b90a2a4d7 00007f9b540018e0
0x00007f9b90a2a3d0:   00007f9b90a2a420 00007f9c1d812657
0x00007f9b90a2a3e0:   00007f9c18228000 00007f9c1d803c74
0x00007f9b90a2a3f0:   0000000000000001 00007f9c18228000
0x00007f9b90a2a400:   00007f9b90a2a4d7 00007f9b5402c7d8
0x00007f9b90a2a410:   00007f9b90a2a4d7 00007f9c18228000
0x00007f9b90a2a420:   00007f9b90a2a470 00007f9c1d8129f3
0x00007f9b90a2a430:   00007f9c18211120 00007f9b540017d0
0x00007f9b90a2a440:   00007f9c1db775d0 00007f9b5402c818
0x00007f9b90a2a450:   0000000000000003 0000000000000000
0x00007f9b90a2a460:   0000000000001428 00007f9b00000009
0x00007f9b90a2a470:   00007f9b5402c7d8 00007f9c1d812b2a
0x00007f9b90a2a480:   00007f9c180041a0 000000b61d817168
0x00007f9b90a2a490:   00007f9b5402c7f0 00007f9c18228000
0x00007f9b90a2a4a0:   74726f5058545852 29286e696172643a
0x00007f9b90a2a4b0:   736e727574657220 00007f000a30203a
0x00007f9b90a2a4c0:   00007f9b90a2a510 00007f9c1d6233b0 

Instructions: (pc=0x00007f9b907a8733)
0x00007f9b907a8723:   ff ff 85 ed 75 57 45 84 ff 75 12 4d 85 f6 74 0d
0x00007f9b907a8733:   41 8b 4e 0c 85 c9 75 6c 66 66 90 66 90 48 8b 9c 

Stack: [0x00007f9b9092c000,0x00007f9b90a2d000],  sp=0x00007f9b90a2a2d0,  free space=3f80000000000000018k
Native frames: (J=compiled Java code, j=interpreted, Vv=VM code, C=native code)
C  [librxtxSerial.so+0x7733]  Java_gnu_io_RXTXPort_nativeDrain+0xc3

[error occurred during error reporting (printing native stack), id 0xb]

Java frames: (J=compiled Java code, j=interpreted, Vv=VM code)
j  gnu.io.RXTXPort.nativeDrain(Z)Z+0
j  gnu.io.RXTXPort$SerialOutputStream.flush()V+72
j  com.google.code.xbeejavaapi.api.LocalXBee.write(I)V+61
j  com.google.code.xbeejavaapi.api.LocalXBee.write(Ljava/lang/String;)V+61
j  com.google.code.xbeejavaapi.api.LocalXBee.setAPIMode()V+3
j  com.google.code.xbeejavaapi.api.LocalXBee.<init>(Ljava/io/InputStream;Ljava/io/OutputStream;)V+85
j  com.google.code.xbeejavaapi.api.XBeeFactory$1.<init>(Lcom/google/code/xbeejavaapi/api/XBeeFactory;Ljava/io/InputStream;Ljava/io/OutputStream;Lgnu/io/SerialPort;)V+14
j  com.google.code.xbeejavaapi.api.XBeeFactory.newXBee()Lcom/google/code/xbeejavaapi/api/LocalXBee;+136
j  com.google.code.xbeejavaapi.configapp.MainFrame.jButton1ActionPerformed(Ljava/awt/event/ActionEvent;)V+27
j  com.google.code.xbeejavaapi.configapp.MainFrame.access$000(Lcom/google/code/xbeejavaapi/configapp/MainFrame;Ljava/awt/event/ActionEvent;)V+2
j  com.google.code.xbeejavaapi.configapp.MainFrame$1.actionPerformed(Ljava/awt/event/ActionEvent;)V+5
j  javax.swing.AbstractButton.fireActionPerformed(Ljava/awt/event/ActionEvent;)V+84
j  javax.swing.AbstractButton$Handler.actionPerformed(Ljava/awt/event/ActionEvent;)V+5
j  javax.swing.DefaultButtonModel.fireActionPerformed(Ljava/awt/event/ActionEvent;)V+35
j  javax.swing.DefaultButtonModel.setPressed(Z)V+117
j  javax.swing.plaf.basic.BasicButtonListener$Actions.actionPerformed(Ljava/awt/event/ActionEvent;)V+70
j  javax.swing.SwingUtilities.notifyAction(Ljavax/swing/Action;Ljavax/swing/KeyStroke;Ljava/awt/event/KeyEvent;Ljava/lang/Object;I)Z+132
j  javax.swing.JComponent.processKeyBinding(Ljavax/swing/KeyStroke;Ljava/awt/event/KeyEvent;IZ)Z+72
j  javax.swing.JComponent.processKeyBindings(Ljava/awt/event/KeyEvent;Z)Z+56
j  javax.swing.JComponent.processKeyEvent(Ljava/awt/event/KeyEvent;)V+51
j  java.awt.Component.processEvent(Ljava/awt/AWTEvent;)V+121
j  java.awt.Container.processEvent(Ljava/awt/AWTEvent;)V+18
j  java.awt.Component.dispatchEventImpl(Ljava/awt/AWTEvent;)V+566
j  java.awt.Container.dispatchEventImpl(Ljava/awt/AWTEvent;)V+42
j  java.awt.Component.dispatchEvent(Ljava/awt/AWTEvent;)V+2
j  java.awt.KeyboardFocusManager.redispatchEvent(Ljava/awt/Component;Ljava/awt/AWTEvent;)V+7
j  java.awt.DefaultKeyboardFocusManager.dispatchKeyEvent(Ljava/awt/event/KeyEvent;)Z+70
j  java.awt.DefaultKeyboardFocusManager.preDispatchKeyEvent(Ljava/awt/event/KeyEvent;)Z+140
j  java.awt.DefaultKeyboardFocusManager.typeAheadAssertions(Ljava/awt/Component;Ljava/awt/AWTEvent;)Z+175
j  java.awt.DefaultKeyboardFocusManager.dispatchEvent(Ljava/awt/AWTEvent;)Z+1524
j  java.awt.Component.dispatchEventImpl(Ljava/awt/AWTEvent;)V+131
j  java.awt.Container.dispatchEventImpl(Ljava/awt/AWTEvent;)V+42
j  java.awt.Window.dispatchEventImpl(Ljava/awt/AWTEvent;)V+19
j  java.awt.Component.dispatchEvent(Ljava/awt/AWTEvent;)V+2
j  java.awt.EventQueue.dispatchEvent(Ljava/awt/AWTEvent;)V+46
j  java.awt.EventDispatchThread.pumpOneEventForFilters(I)Z+204
j  java.awt.EventDispatchThread.pumpEventsForFilter(ILjava/awt/Conditional;Ljava/awt/EventFilter;)V+30
j  java.awt.EventDispatchThread.pumpEventsForHierarchy(ILjava/awt/Conditional;Ljava/awt/Component;)V+11
j  java.awt.EventDispatchThread.pumpEvents(ILjava/awt/Conditional;)V+4
j  java.awt.EventDispatchThread.pumpEvents(Ljava/awt/Conditional;)V+3
j  java.awt.EventDispatchThread.run()V+9
v  ~StubRoutines::call_stub

---------------  P R O C E S S  ---------------

Java Threads: ( => current thread )
  0x00007f9b3c018800 JavaThread "Thread-1" [_thread_in_native, id=3803, stack(0x00007f9b906a0000,0x00007f9b907a1000)]
  0x00007f9c18007000 JavaThread "DestroyJavaVM" [_thread_blocked, id=3776, stack(0x00007f9c1d13f000,0x00007f9c1d240000)]
=>0x00007f9c18228000 JavaThread "AWT-EventQueue-0" [_thread_in_native, id=3796, stack(0x00007f9b9092c000,0x00007f9b90a2d000)]
  0x00007f9c18237800 JavaThread "AWT-Shutdown" [_thread_blocked, id=3795, stack(0x00007f9b90a2d000,0x00007f9b90b2e000)]
  0x00007f9c1820e000 JavaThread "AWT-XAWT" daemon [_thread_in_native, id=3794, stack(0x00007f9b90b2e000,0x00007f9b90c2f000)]
  0x00007f9c1819d000 JavaThread "Java2D Disposer" daemon [_thread_blocked, id=3793, stack(0x00007f9b90e4e000,0x00007f9b90f4f000)]
  0x00007f9c180bf000 JavaThread "Low Memory Detector" daemon [_thread_blocked, id=3791, stack(0x00007f9b91520000,0x00007f9b91621000)]
  0x00007f9c180bd000 JavaThread "CompilerThread1" daemon [_thread_blocked, id=3790, stack(0x00007f9b91621000,0x00007f9b91722000)]
  0x00007f9c180ba000 JavaThread "CompilerThread0" daemon [_thread_blocked, id=3789, stack(0x00007f9b91722000,0x00007f9b91823000)]
  0x00007f9c180b8000 JavaThread "Signal Dispatcher" daemon [_thread_blocked, id=3788, stack(0x00007f9b91823000,0x00007f9b91924000)]
  0x00007f9c18099000 JavaThread "Finalizer" daemon [_thread_blocked, id=3787, stack(0x00007f9b91924000,0x00007f9b91a25000)]
  0x00007f9c18097000 JavaThread "Reference Handler" daemon [_thread_blocked, id=3786, stack(0x00007f9b91a25000,0x00007f9b91b26000)]

Other Threads:
  0x00007f9c18092800 VMThread [stack: 0x00007f9b91b26000,0x00007f9b91c27000] [id=3785]
  0x00007f9c180ca000 WatcherThread [stack: 0x00007f9b9141f000,0x00007f9b91520000] [id=3792]

VM state:not at safepoint (normal execution)

VM Mutex/Monitor currently owned by a thread: None

Heap
 PSYoungGen      total 37312K, used 7791K [0x00007f9beb560000, 0x00007f9bedf00000, 0x00007f9c15000000)
  eden space 32000K, 24% used [0x00007f9beb560000,0x00007f9bebcfbc68,0x00007f9bed4a0000)
  from space 5312K, 0% used [0x00007f9bed9d0000,0x00007f9bed9d0000,0x00007f9bedf00000)
  to   space 5312K, 0% used [0x00007f9bed4a0000,0x00007f9bed4a0000,0x00007f9bed9d0000)
 PSOldGen        total 85312K, used 0K [0x00007f9b98000000, 0x00007f9b9d350000, 0x00007f9beb560000)
  object space 85312K, 0% used [0x00007f9b98000000,0x00007f9b98000000,0x00007f9b9d350000)
 PSPermGen       total 21248K, used 14458K [0x00007f9b92c00000, 0x00007f9b940c0000, 0x00007f9b98000000)
  object space 21248K, 68% used [0x00007f9b92c00000,0x00007f9b93a1e8e0,0x00007f9b940c0000)

Dynamic libraries:
40000000-40009000 r-xp 00000000 08:12 1836666                            /fast/jdk1.6.0_22/bin/java
40108000-4010a000 rwxp 00008000 08:12 1836666                            /fast/jdk1.6.0_22/bin/java
41380000-413a1000 rwxp 00000000 00:00 0                                  [heap]
3503c00000-3503c05000 r-xp 00000000 08:12 571105                         /usr/lib64/libXtst.so.6.1.0
3503c05000-3503e05000 ---p 00005000 08:12 571105                         /usr/lib64/libXtst.so.6.1.0
3503e05000-3503e06000 rwxp 00005000 08:12 571105                         /usr/lib64/libXtst.so.6.1.0
3b0fe00000-3b0fe16000 r-xp 00000000 08:12 2359299                        /lib64/libnsl-2.12.1.so
3b0fe16000-3b10015000 ---p 00016000 08:12 2359299                        /lib64/libnsl-2.12.1.so
3b10015000-3b10016000 r-xp 00015000 08:12 2359299                        /lib64/libnsl-2.12.1.so
3b10016000-3b10017000 rwxp 00016000 08:12 2359299                        /lib64/libnsl-2.12.1.so
3b10017000-3b10019000 rwxp 00000000 00:00 0 
3d41000000-3d4101e000 r-xp 00000000 08:12 2359521                        /lib64/ld-2.12.1.so
3d4121d000-3d4121e000 r-xp 0001d000 08:12 2359521                        /lib64/ld-2.12.1.so
3d4121e000-3d4121f000 rwxp 0001e000 08:12 2359521                        /lib64/ld-2.12.1.so
3d4121f000-3d41220000 rwxp 00000000 00:00 0 
3d41400000-3d41575000 r-xp 00000000 08:12 2359527                        /lib64/libc-2.12.1.so
3d41575000-3d41775000 ---p 00175000 08:12 2359527                        /lib64/libc-2.12.1.so
3d41775000-3d41779000 r-xp 00175000 08:12 2359527                        /lib64/libc-2.12.1.so
3d41779000-3d4177a000 rwxp 00179000 08:12 2359527                        /lib64/libc-2.12.1.so
3d4177a000-3d4177f000 rwxp 00000000 00:00 0 
3d41800000-3d41817000 r-xp 00000000 08:12 2359758                        /lib64/libpthread-2.12.1.so
3d41817000-3d41a16000 ---p 00017000 08:12 2359758                        /lib64/libpthread-2.12.1.so
3d41a16000-3d41a17000 r-xp 00016000 08:12 2359758                        /lib64/libpthread-2.12.1.so
3d41a17000-3d41a18000 rwxp 00017000 08:12 2359758                        /lib64/libpthread-2.12.1.so
3d41a18000-3d41a1c000 rwxp 00000000 00:00 0 
3d41c00000-3d41c02000 r-xp 00000000 08:12 2359560                        /lib64/libdl-2.12.1.so
3d41c02000-3d41e02000 ---p 00002000 08:12 2359560                        /lib64/libdl-2.12.1.so
3d41e02000-3d41e03000 r-xp 00002000 08:12 2359560                        /lib64/libdl-2.12.1.so
3d41e03000-3d41e04000 rwxp 00003000 08:12 2359560                        /lib64/libdl-2.12.1.so
3d42000000-3d42007000 r-xp 00000000 08:12 2359767                        /lib64/librt-2.12.1.so
3d42007000-3d42206000 ---p 00007000 08:12 2359767                        /lib64/librt-2.12.1.so
3d42206000-3d42207000 r-xp 00006000 08:12 2359767                        /lib64/librt-2.12.1.so
3d42207000-3d42208000 rwxp 00007000 08:12 2359767                        /lib64/librt-2.12.1.so
3d42400000-3d42483000 r-xp 00000000 08:12 2359768                        /lib64/libm-2.12.1.so
3d42483000-3d42682000 ---p 00083000 08:12 2359768                        /lib64/libm-2.12.1.so
3d42682000-3d42683000 r-xp 00082000 08:12 2359768                        /lib64/libm-2.12.1.so
3d42683000-3d42684000 rwxp 00083000 08:12 2359768                        /lib64/libm-2.12.1.so
3d44800000-3d44802000 r-xp 00000000 08:12 526527                         /usr/lib64/libXau.so.6.0.0
3d44802000-3d44a02000 ---p 00002000 08:12 526527                         /usr/lib64/libXau.so.6.0.0
3d44a02000-3d44a03000 rwxp 00002000 08:12 526527                         /usr/lib64/libXau.so.6.0.0
3d44c00000-3d44d39000 r-xp 00000000 08:12 527899                         /usr/lib64/libX11.so.6.3.0
3d44d39000-3d44f39000 ---p 00139000 08:12 527899                         /usr/lib64/libX11.so.6.3.0
3d44f39000-3d44f3f000 rwxp 00139000 08:12 527899                         /usr/lib64/libX11.so.6.3.0
3d45000000-3d4501b000 r-xp 00000000 08:12 527898                         /usr/lib64/libxcb.so.1.1.0
3d4501b000-3d4521a000 ---p 0001b000 08:12 527898                         /usr/lib64/libxcb.so.1.1.0
3d4521a000-3d4521b000 rwxp 0001a000 08:12 527898                         /usr/lib64/libxcb.so.1.1.0
3d45800000-3d45811000 r-xp 00000000 08:12 527928                         /usr/lib64/libXext.so.6.4.0
3d45811000-3d45a11000 ---p 00011000 08:12 527928                         /usr/lib64/libXext.so.6.4.0
3d45a11000-3d45a12000 rwxp 00011000 08:12 527928                         /usr/lib64/libXext.so.6.4.0
3d46c00000-3d46c0f000 r-xp 00000000 08:12 529258                         /usr/lib64/libXi.so.6.1.0
3d46c0f000-3d46e0e000 ---p 0000f000 08:12 529258                         /usr/lib64/libXi.so.6.1.0
3d46e0e000-3d46e0f000 rwxp 0000e000 08:12 529258                         /usr/lib64/libXi.so.6.1.0
3d47000000-3d47009000 r-xp 00000000 08:12 529540                         /usr/lib64/libXcursor.so.1.0.2
3d47009000-3d47209000 ---p 00009000 08:12 529540                         /usr/lib64/libXcursor.so.1.0.2
3d47209000-3d4720a000 rwxp 00009000 08:12 529540                         /usr/lib64/libXcursor.so.1.0.2
3d48400000-3d48409000 r-xp 00000000 08:12 527900                         /usr/lib64/libXrender.so.1.3.0
3d48409000-3d48609000 ---p 00009000 08:12 527900                         /usr/lib64/libXrender.so.1.3.0
3d48609000-3d4860a000 rwxp 00009000 08:12 527900                         /usr/lib64/libXrender.so.1.3.0
3d4a400000-3d4a405000 r-xp 00000000 08:12 529427                         /usr/lib64/libXfixes.so.3.1.0
3d4a405000-3d4a604000 ---p 00005000 08:12 529427                         /usr/lib64/libXfixes.so.3.1.0
3d4a604000-3d4a605000 rwxp 00004000 08:12 529427                         /usr/lib64/libXfixes.so.3.1.0
7f9b30000000-7f9b30021000 rwxp 00000000 00:00 0 
7f9b30021000-7f9b34000000 ---p 00000000 00:00 0 
7f9b38000000-7f9b38021000 rwxp 00000000 00:00 0 
7f9b38021000-7f9b3c000000 ---p 00000000 00:00 0 
7f9b3c000000-7f9b3c117000 rwxp 00000000 00:00 0 
7f9b3c117000-7f9b40000000 ---p 00000000 00:00 0 
7f9b40000000-7f9b40021000 rwxp 00000000 00:00 0 
7f9b40021000-7f9b44000000 ---p 00000000 00:00 0 
7f9b44000000-7f9b44021000 rwxp 00000000 00:00 0 
7f9b44021000-7f9b48000000 ---p 00000000 00:00 0 
7f9b48000000-7f9b48021000 rwxp 00000000 00:00 0 
7f9b48021000-7f9b4c000000 ---p 00000000 00:00 0 
7f9b4c000000-7f9b4c021000 rwxp 00000000 00:00 0 
7f9b4c021000-7f9b50000000 ---p 00000000 00:00 0 
7f9b50000000-7f9b5015e000 rwxp 00000000 00:00 0 
7f9b5015e000-7f9b54000000 ---p 00000000 00:00 0 
7f9b54000000-7f9b54180000 rwxp 00000000 00:00 0 
7f9b54180000-7f9b58000000 ---p 00000000 00:00 0 
7f9b58000000-7f9b58021000 rwxp 00000000 00:00 0 
7f9b58021000-7f9b5c000000 ---p 00000000 00:00 0 
7f9b5e16f000-7f9b64000000 r-xp 00000000 08:12 567748                     /usr/lib/locale/locale-archive
7f9b64000000-7f9b64021000 rwxp 00000000 00:00 0 
7f9b64021000-7f9b68000000 ---p 00000000 00:00 0 
7f9b68000000-7f9b68021000 rwxp 00000000 00:00 0 
7f9b68021000-7f9b6c000000 ---p 00000000 00:00 0 
7f9b6c000000-7f9b6c021000 rwxp 00000000 00:00 0 
7f9b6c021000-7f9b70000000 ---p 00000000 00:00 0 
7f9b70000000-7f9b70021000 rwxp 00000000 00:00 0 
7f9b70021000-7f9b74000000 ---p 00000000 00:00 0 
7f9b74000000-7f9b74021000 rwxp 00000000 00:00 0 
7f9b74021000-7f9b78000000 ---p 00000000 00:00 0 
7f9b78000000-7f9b78021000 rwxp 00000000 00:00 0 
7f9b78021000-7f9b7c000000 ---p 00000000 00:00 0 
7f9b7c000000-7f9b7c021000 rwxp 00000000 00:00 0 
7f9b7c021000-7f9b80000000 ---p 00000000 00:00 0 
7f9b80000000-7f9b80021000 rwxp 00000000 00:00 0 
7f9b80021000-7f9b84000000 ---p 00000000 00:00 0 
7f9b84000000-7f9b84021000 rwxp 00000000 00:00 0 
7f9b84021000-7f9b88000000 ---p 00000000 00:00 0 
7f9b88000000-7f9b88021000 rwxp 00000000 00:00 0 
7f9b88021000-7f9b8c000000 ---p 00000000 00:00 0 
7f9b8c000000-7f9b8c021000 rwxp 00000000 00:00 0 
7f9b8c021000-7f9b90000000 ---p 00000000 00:00 0 
7f9b906a0000-7f9b906a3000 ---p 00000000 00:00 0 
7f9b906a3000-7f9b907a1000 rwxp 00000000 00:00 0 
7f9b907a1000-7f9b907ad000 r-xp 00000000 08:12 262489                     /root/lib/librxtxSerial.so
7f9b907ad000-7f9b908ac000 ---p 0000c000 08:12 262489                     /root/lib/librxtxSerial.so
7f9b908ac000-7f9b908ae000 rwxp 0000b000 08:12 262489                     /root/lib/librxtxSerial.so
7f9b9092c000-7f9b9092f000 ---p 00000000 00:00 0 
7f9b9092f000-7f9b90a2d000 rwxp 00000000 00:00 0 
7f9b90a2d000-7f9b90a30000 ---p 00000000 00:00 0 
7f9b90a30000-7f9b90b2e000 rwxp 00000000 00:00 0 
7f9b90b2e000-7f9b90b31000 ---p 00000000 00:00 0 
7f9b90b31000-7f9b90c2f000 rwxp 00000000 00:00 0 
7f9b90c2f000-7f9b90c36000 r-xp 00000000 08:12 1837302                    /fast/jdk1.6.0_22/jre/lib/amd64/libnio.so
7f9b90c36000-7f9b90d35000 ---p 00007000 08:12 1837302                    /fast/jdk1.6.0_22/jre/lib/amd64/libnio.so
7f9b90d35000-7f9b90d37000 rwxp 00006000 08:12 1837302                    /fast/jdk1.6.0_22/jre/lib/amd64/libnio.so
7f9b90d37000-7f9b90d4a000 r-xp 00000000 08:12 1837301                    /fast/jdk1.6.0_22/jre/lib/amd64/libnet.so
7f9b90d4a000-7f9b90e4b000 ---p 00013000 08:12 1837301                    /fast/jdk1.6.0_22/jre/lib/amd64/libnet.so
7f9b90e4b000-7f9b90e4e000 rwxp 00014000 08:12 1837301                    /fast/jdk1.6.0_22/jre/lib/amd64/libnet.so
7f9b90e4e000-7f9b90e51000 ---p 00000000 00:00 0 
7f9b90e51000-7f9b90f4f000 rwxp 00000000 00:00 0 
7f9b90f4f000-7f9b90fc8000 r-xp 00000000 08:12 1837310                    /fast/jdk1.6.0_22/jre/lib/amd64/libfontmanager.so
7f9b90fc8000-7f9b910c7000 ---p 00079000 08:12 1837310                    /fast/jdk1.6.0_22/jre/lib/amd64/libfontmanager.so
7f9b910c7000-7f9b910dc000 rwxp 00078000 08:12 1837310                    /fast/jdk1.6.0_22/jre/lib/amd64/libfontmanager.so
7f9b910dc000-7f9b910ed000 rwxp 00000000 00:00 0 
7f9b910ed000-7f9b9112f000 r-xp 00000000 08:12 1837299                    /fast/jdk1.6.0_22/jre/lib/amd64/xawt/libmawt.so
7f9b9112f000-7f9b9122e000 ---p 00042000 08:12 1837299                    /fast/jdk1.6.0_22/jre/lib/amd64/xawt/libmawt.so
7f9b9122e000-7f9b91239000 rwxp 00041000 08:12 1837299                    /fast/jdk1.6.0_22/jre/lib/amd64/xawt/libmawt.so
7f9b91239000-7f9b9123b000 rwxp 00000000 00:00 0 
7f9b9123b000-7f9b912cd000 r-xp 00000000 08:12 1837346                    /fast/jdk1.6.0_22/jre/lib/amd64/libawt.so
7f9b912cd000-7f9b913cc000 ---p 00092000 08:12 1837346                    /fast/jdk1.6.0_22/jre/lib/amd64/libawt.so
7f9b913cc000-7f9b913e5000 rwxp 00091000 08:12 1837346                    /fast/jdk1.6.0_22/jre/lib/amd64/libawt.so
7f9b913e5000-7f9b9140a000 rwxp 00000000 00:00 0 
7f9b9140a000-7f9b9140c000 r-xs 0000d000 08:05 25680911                   /mnt/sda7/home/david/JavaProjects/xbee-java-api/trunk/xbee-java-api/dist/lib/RXTXcomm.jar
7f9b9140c000-7f9b91413000 r-xs 00059000 08:05 25680910                   /mnt/sda7/home/david/JavaProjects/xbee-java-api/trunk/xbee-java-api/dist/lib/log4j-1.2.15.jar
7f9b91413000-7f9b91419000 r-xs 00069000 08:05 25680912                   /mnt/sda7/home/david/JavaProjects/xbee-java-api/trunk/xbee-java-api/dist/xbee-java-api.jar
7f9b91419000-7f9b9141f000 r-xs 00069000 08:05 25680912                   /mnt/sda7/home/david/JavaProjects/xbee-java-api/trunk/xbee-java-api/dist/xbee-java-api.jar
7f9b9141f000-7f9b91420000 ---p 00000000 00:00 0 
7f9b91420000-7f9b91520000 rwxp 00000000 00:00 0 
7f9b91520000-7f9b91523000 ---p 00000000 00:00 0 
7f9b91523000-7f9b91621000 rwxp 00000000 00:00 0 
7f9b91621000-7f9b91624000 ---p 00000000 00:00 0 
7f9b91624000-7f9b91722000 rwxp 00000000 00:00 0 
7f9b91722000-7f9b91725000 ---p 00000000 00:00 0 
7f9b91725000-7f9b91823000 rwxp 00000000 00:00 0 
7f9b91823000-7f9b91826000 ---p 00000000 00:00 0 
7f9b91826000-7f9b91924000 rwxp 00000000 00:00 0 
7f9b91924000-7f9b91927000 ---p 00000000 00:00 0 
7f9b91927000-7f9b91a25000 rwxp 00000000 00:00 0 
7f9b91a25000-7f9b91a28000 ---p 00000000 00:00 0 
7f9b91a28000-7f9b91b26000 rwxp 00000000 00:00 0 
7f9b91b26000-7f9b91b27000 ---p 00000000 00:00 0 
7f9b91b27000-7f9b92563000 rwxp 00000000 00:00 0 
7f9b92563000-7f9b926fb000 r-xs 03013000 08:12 1835012                    /fast/jdk1.6.0_22/jre/lib/rt.jar
7f9b926fb000-7f9b926fc000 ---p 00000000 00:00 0 
7f9b926fc000-7f9b927fc000 rwxp 00000000 00:00 0 
7f9b927fc000-7f9b927fd000 ---p 00000000 00:00 0 
7f9b927fd000-7f9b928fd000 rwxp 00000000 00:00 0 
7f9b928fd000-7f9b928fe000 ---p 00000000 00:00 0 
7f9b928fe000-7f9b929fe000 rwxp 00000000 00:00 0 
7f9b929fe000-7f9b929ff000 ---p 00000000 00:00 0 
7f9b929ff000-7f9b92aff000 rwxp 00000000 00:00 0 
7f9b92aff000-7f9b92b00000 ---p 00000000 00:00 0 
7f9b92b00000-7f9b940c0000 rwxp 00000000 00:00 0 
7f9b940c0000-7f9b98000000 rwxp 00000000 00:00 0 
7f9b98000000-7f9b9d350000 rwxp 00000000 00:00 0 
7f9b9d350000-7f9beb560000 rwxp 00000000 00:00 0 
7f9beb560000-7f9bedf00000 rwxp 00000000 00:00 0 
7f9bedf00000-7f9c15000000 rwxp 00000000 00:00 0 
7f9c15000000-7f9c15270000 rwxp 00000000 00:00 0 
7f9c15270000-7f9c18287000 rwxp 00000000 00:00 0 
7f9c18287000-7f9c1c000000 ---p 00000000 00:00 0 
7f9c1c016000-7f9c1c017000 ---p 00000000 00:00 0 
7f9c1c017000-7f9c1c117000 rwxp 00000000 00:00 0 
7f9c1c117000-7f9c1c118000 ---p 00000000 00:00 0 
7f9c1c118000-7f9c1c218000 rwxp 00000000 00:00 0 
7f9c1c218000-7f9c1c219000 ---p 00000000 00:00 0 
7f9c1c219000-7f9c1c324000 rwxp 00000000 00:00 0 
7f9c1c324000-7f9c1c343000 rwxp 00000000 00:00 0 
7f9c1c343000-7f9c1c36d000 rwxp 00000000 00:00 0 
7f9c1c36d000-7f9c1c5de000 rwxp 00000000 00:00 0 
7f9c1c5de000-7f9c1c5e9000 rwxp 00000000 00:00 0 
7f9c1c5e9000-7f9c1c608000 rwxp 00000000 00:00 0 
7f9c1c608000-7f9c1c632000 rwxp 00000000 00:00 0 
7f9c1c632000-7f9c1c8a2000 rwxp 00000000 00:00 0 
7f9c1c8a2000-7f9c1c8b8000 rwxp 00000000 00:00 0 
7f9c1c8b8000-7f9c1c9f0000 rwxp 00000000 00:00 0 
7f9c1c9f0000-7f9c1c9fb000 rwxp 00000000 00:00 0 
7f9c1c9fb000-7f9c1cab1000 rwxp 00000000 00:00 0 
7f9c1cab1000-7f9c1cabf000 r-xp 00000000 08:12 1837312                    /fast/jdk1.6.0_22/jre/lib/amd64/libzip.so
7f9c1cabf000-7f9c1cbc1000 ---p 0000e000 08:12 1837312                    /fast/jdk1.6.0_22/jre/lib/amd64/libzip.so
7f9c1cbc1000-7f9c1cbc4000 rwxp 00010000 08:12 1837312                    /fast/jdk1.6.0_22/jre/lib/amd64/libzip.so
7f9c1cbc4000-7f9c1cbc5000 rwxp 00000000 00:00 0 
7f9c1cbc5000-7f9c1cbd1000 r-xp 00000000 08:12 2359326                    /lib64/libnss_files-2.12.1.so
7f9c1cbd1000-7f9c1cdd0000 ---p 0000c000 08:12 2359326                    /lib64/libnss_files-2.12.1.so
7f9c1cdd0000-7f9c1cdd1000 r-xp 0000b000 08:12 2359326                    /lib64/libnss_files-2.12.1.so
7f9c1cdd1000-7f9c1cdd2000 rwxp 0000c000 08:12 2359326                    /lib64/libnss_files-2.12.1.so
7f9c1cdf6000-7f9c1cdfd000 r-xp 00000000 08:12 1837314                    /fast/jdk1.6.0_22/jre/lib/amd64/native_threads/libhpi.so
7f9c1cdfd000-7f9c1cefe000 ---p 00007000 08:12 1837314                    /fast/jdk1.6.0_22/jre/lib/amd64/native_threads/libhpi.so
7f9c1cefe000-7f9c1cf00000 rwxp 00008000 08:12 1837314                    /fast/jdk1.6.0_22/jre/lib/amd64/native_threads/libhpi.so
7f9c1cf00000-7f9c1cf01000 rwxp 00000000 00:00 0 
7f9c1cf01000-7f9c1cf29000 r-xp 00000000 08:12 1837325                    /fast/jdk1.6.0_22/jre/lib/amd64/libjava.so
7f9c1cf29000-7f9c1d029000 ---p 00028000 08:12 1837325                    /fast/jdk1.6.0_22/jre/lib/amd64/libjava.so
7f9c1d029000-7f9c1d030000 rwxp 00028000 08:12 1837325                    /fast/jdk1.6.0_22/jre/lib/amd64/libjava.so
7f9c1d030000-7f9c1d03d000 r-xp 00000000 08:12 1837307                    /fast/jdk1.6.0_22/jre/lib/amd64/libverify.so
7f9c1d03d000-7f9c1d13c000 ---p 0000d000 08:12 1837307                    /fast/jdk1.6.0_22/jre/lib/amd64/libverify.so
7f9c1d13c000-7f9c1d13f000 rwxp 0000c000 08:12 1837307                    /fast/jdk1.6.0_22/jre/lib/amd64/libverify.so
7f9c1d13f000-7f9c1d142000 ---p 00000000 00:00 0 
7f9c1d142000-7f9c1d240000 rwxp 00000000 00:00 0 
7f9c1d240000-7f9c1da1a000 r-xp 00000000 08:12 1837332                    /fast/jdk1.6.0_22/jre/lib/amd64/server/libjvm.so
7f9c1da1a000-7f9c1db1c000 ---p 007da000 08:12 1837332                    /fast/jdk1.6.0_22/jre/lib/amd64/server/libjvm.so
7f9c1db1c000-7f9c1dcad000 rwxp 007dc000 08:12 1837332                    /fast/jdk1.6.0_22/jre/lib/amd64/server/libjvm.so
7f9c1dcad000-7f9c1dceb000 rwxp 00000000 00:00 0 
7f9c1dceb000-7f9c1dcf2000 r-xp 00000000 08:12 1837297                    /fast/jdk1.6.0_22/jre/lib/amd64/jli/libjli.so
7f9c1dcf2000-7f9c1ddf3000 ---p 00007000 08:12 1837297                    /fast/jdk1.6.0_22/jre/lib/amd64/jli/libjli.so
7f9c1ddf3000-7f9c1ddf5000 rwxp 00008000 08:12 1837297                    /fast/jdk1.6.0_22/jre/lib/amd64/jli/libjli.so
7f9c1ddf5000-7f9c1ddf6000 rwxp 00000000 00:00 0 
7f9c1ddfa000-7f9c1de0f000 rwxs 00000000 00:04 2097182                    /SYSV00000000 (deleted)
7f9c1de0f000-7f9c1de10000 rwxp 00000000 00:00 0 
7f9c1de10000-7f9c1de18000 rwxs 00000000 08:12 2103078                    /tmp/hsperfdata_root/3775
7f9c1de18000-7f9c1de19000 rwxp 00000000 00:00 0 
7f9c1de19000-7f9c1de1a000 r-xp 00000000 00:00 0 
7f9c1de1a000-7f9c1de1b000 rwxp 00000000 00:00 0 
7fffbec80000-7fffbeca1000 rwxp 00000000 00:00 0                          [stack]
7fffbedf8000-7fffbedf9000 r-xp 00000000 00:00 0                          [vdso]
ffffffffff600000-ffffffffff601000 r-xp 00000000 00:00 0                  [vsyscall]

VM Arguments:
java_command: dist/xbee-java-api.jar
Launcher Type: SUN_STANDARD

Environment Variables:
PATH=/usr/lib64/qt-3.3/bin:/usr/kerberos/sbin:/usr/kerberos/bin:/usr/local/sbin:/usr/local/bin:/sbin:/bin:/usr/sbin:/usr/bin:/root/bin
LD_LIBRARY_PATH=/fast/jdk1.6.0_22/jre/lib/amd64/server:/fast/jdk1.6.0_22/jre/lib/amd64:/fast/jdk1.6.0_22/jre/../lib/amd64:/root/lib
SHELL=/bin/bash
DISPLAY=:0.0

Signal Handlers:
SIGSEGV: [libjvm.so+0x731250], sa_mask[0]=0x7ffbfeff, sa_flags=0x10000004
SIGBUS: [libjvm.so+0x731250], sa_mask[0]=0x7ffbfeff, sa_flags=0x10000004
SIGFPE: [libjvm.so+0x5f5e30], sa_mask[0]=0x7ffbfeff, sa_flags=0x10000004
SIGPIPE: [libjvm.so+0x5f5e30], sa_mask[0]=0x7ffbfeff, sa_flags=0x10000004
SIGXFSZ: [libjvm.so+0x5f5e30], sa_mask[0]=0x7ffbfeff, sa_flags=0x10000004
SIGILL: [libjvm.so+0x5f5e30], sa_mask[0]=0x7ffbfeff, sa_flags=0x10000004
SIGUSR1: SIG_DFL, sa_mask[0]=0x00000000, sa_flags=0x00000000
SIGUSR2: [libjvm.so+0x5f8650], sa_mask[0]=0x00000000, sa_flags=0x10000004
SIGHUP: [libjvm.so+0x5f83a0], sa_mask[0]=0x7ffbfeff, sa_flags=0x10000004
SIGINT: [libjvm.so+0x5f83a0], sa_mask[0]=0x7ffbfeff, sa_flags=0x10000004
SIGTERM: [libjvm.so+0x5f83a0], sa_mask[0]=0x7ffbfeff, sa_flags=0x10000004
SIGQUIT: [libjvm.so+0x5f83a0], sa_mask[0]=0x7ffbfeff, sa_flags=0x10000004


---------------  S Y S T E M  ---------------

OS:Fedora release 13 (Goddard)

uname:Linux 2.6.34.7-61.fc13.x86_64 #1 SMP Tue Oct 19 04:06:30 UTC 2010 x86_64
libc:glibc 2.12.1 NPTL 2.12.1 
rlimit: STACK 10240k, CORE 0k, NPROC 1024, NOFILE 1024, AS infinity
load average:0.23 0.30 0.23

CPU:total 8 (8 cores per cpu, 2 threads per core) family 6 model 30 stepping 5, cmov, cx8, fxsr, mmx, sse, sse2, sse3, ssse3, sse4.1, sse4.2, popcnt, ht

Memory: 4k page, physical 8185140k(6615144k free), swap 9215996k(9215996k free)

vm_info: Java HotSpot(TM) 64-Bit Server VM (17.1-b03) for linux-amd64 JRE (1.6.0_22-b04), built on Sep 15 2010 01:07:59 by "java_re" with gcc 3.2.2 (SuSE Linux)

time: Sat Nov 13 12:43:44 2010
elapsed time: 2 seconds

