#
# A fatal error has been detected by the Java Runtime Environment:
#
#  SIGSEGV (0xb) at pc=0x00007f607592b733, pid=3040, tid=140052268775184
#
# JRE version: 6.0_22-b04
# Java VM: Java HotSpot(TM) 64-Bit Server VM (17.1-b03 mixed mode linux-amd64 )
# Problematic frame:
# C  [librxtxSerial.so+0x7733]  Java_gnu_io_RXTXPort_nativeDrain+0xc3
#
# If you would like to submit a bug report, please visit:
#   http://java.sun.com/webapps/bugreport/crash.jsp
# The crash happened outside the Java Virtual Machine in native code.
# See problematic frame for where to report the bug.
#

---------------  T H R E A D  ---------------

Current thread (0x00007f61301e3800):  JavaThread "AWT-EventQueue-0" [_thread_in_native, id=3061, stack(0x00007f6075aaf000,0x00007f6075bb0000)]

siginfo:si_signo=SIGSEGV: si_errno=0, si_code=1 (SEGV_MAPERR), si_addr=0x00000000759225ac

Registers:
RAX=0x000000000000001c, RBX=0x00007f6075bad520, RCX=0x0000000000000001, RDX=0x000000000000001b
RSP=0x00007f6075bad350, RBP=0x0000000000000000, RSI=0x00007f607592e0cb, RDI=0x00007f6075bad520
R8 =0x0000000000000000, R9 =0x0000000000000001, R10=0x00007f6075bad0d0, R11=0x0000000000000000
R12=0x000000000000000f, R13=0x00007f61301e39c8, R14=0x00000000759225a0, R15=0x0000000000000000
RIP=0x00007f607592b733, EFL=0x0000000000010206, CSGSFS=0x0000000000000033, ERR=0x0000000000000004
  TRAPNO=0x000000000000000e

Top of Stack: (sp=0x00007f6075bad350)
0x00007f6075bad350:   00007f6075bad278 00007f6075bad628
0x00007f6075bad360:   00007f6075bad341 0000000800000002
0x00007f6075bad370:   00007f606c001a00 00007f6075bad3d0
0x00007f6075bad380:   00007f6075bad450 00007f61348314e8
0x00007f6075bad390:   00007f61301e3800 00007f6134859520
0x00007f6075bad3a0:   00007f6075bad557 00007f606c001418
0x00007f6075bad3b0:   00007f606c001428 00007f606c001420
0x00007f6075bad3c0:   00007f600000000b 00007f607592b670
0x00007f6075bad3d0:   00007f6134b923b0 0000005000000000
0x00007f6075bad3e0:   0000000000000020 0000000000000000
0x00007f6075bad3f0:   0000000000000000 00007f606c001910
0x00007f6075bad400:   0000000000000020 0000000000000100
0x00007f6075bad410:   0000000000000000 00007f606c0017e0
0x00007f6075bad420:   0000000000000020 00007f606c001418
0x00007f6075bad430:   00007f61301e3800 0000000000000003
0x00007f6075bad440:   00007f6075bad557 00007f606c0018e0
0x00007f6075bad450:   00007f6075bad4a0 00007f6134831657
0x00007f6075bad460:   00007f61301e3800 00007f6134822c74
0x00007f6075bad470:   0000000000000001 00007f61301e3800
0x00007f6075bad480:   00007f6075bad557 00007f606c001418
0x00007f6075bad490:   00007f6075bad557 00007f61301e3800
0x00007f6075bad4a0:   00007f6075bad4f0 00007f61348319f3
0x00007f6075bad4b0:   00007f61301d0480 00007f606c0017d0
0x00007f6075bad4c0:   00007f6134b965d0 00007f606c001458
0x00007f6075bad4d0:   0000000000000003 0000000000000000
0x00007f6075bad4e0:   0000000000001428 00007f6000000009
0x00007f6075bad4f0:   00007f606c001418 00007f6134831b2a
0x00007f6075bad500:   00007f61300041e0 000000b634836168
0x00007f6075bad510:   00007f606c001430 00007f61301e3800
0x00007f6075bad520:   74726f5058545852 29286e696172643a
0x00007f6075bad530:   736e727574657220 00007f000a30203a
0x00007f6075bad540:   00007f6075bad590 00007f61346423b0 

Instructions: (pc=0x00007f607592b733)
0x00007f607592b723:   ff ff 85 ed 75 57 45 84 ff 75 12 4d 85 f6 74 0d
0x00007f607592b733:   41 8b 4e 0c 85 c9 75 6c 66 66 90 66 90 48 8b 9c 

Stack: [0x00007f6075aaf000,0x00007f6075bb0000],  sp=0x00007f6075bad350,  free space=3f80000000000000018k
Native frames: (J=compiled Java code, j=interpreted, Vv=VM code, C=native code)
C  [librxtxSerial.so+0x7733]  Java_gnu_io_RXTXPort_nativeDrain+0xc3

[error occurred during error reporting (printing native stack), id 0xb]

Java frames: (J=compiled Java code, j=interpreted, Vv=VM code)
j  gnu.io.RXTXPort.nativeDrain(Z)Z+0
j  gnu.io.RXTXPort$SerialOutputStream.flush()V+72
j  com.google.code.xbeejavaapi.api.LocalXBee.write(I)V+61
j  com.google.code.xbeejavaapi.api.LocalXBee.write(Ljava/lang/String;)V+61
j  com.google.code.xbeejavaapi.api.LocalXBee.setAPIMode()V+3
j  com.google.code.xbeejavaapi.api.LocalXBee.<init>(Ljava/io/InputStream;Ljava/io/OutputStream;)V+85
j  com.google.code.xbeejavaapi.api.XBeeFactory$1.<init>(Lcom/google/code/xbeejavaapi/api/XBeeFactory;Ljava/io/InputStream;Ljava/io/OutputStream;Lgnu/io/SerialPort;)V+14
j  com.google.code.xbeejavaapi.api.XBeeFactory.newXBee()Lcom/google/code/xbeejavaapi/api/LocalXBee;+136
j  com.google.code.xbeejavaapi.configapp.MainFrame.jButton1ActionPerformed(Ljava/awt/event/ActionEvent;)V+27
j  com.google.code.xbeejavaapi.configapp.MainFrame.access$000(Lcom/google/code/xbeejavaapi/configapp/MainFrame;Ljava/awt/event/ActionEvent;)V+2
j  com.google.code.xbeejavaapi.configapp.MainFrame$1.actionPerformed(Ljava/awt/event/ActionEvent;)V+5
j  javax.swing.AbstractButton.fireActionPerformed(Ljava/awt/event/ActionEvent;)V+84
j  javax.swing.AbstractButton$Handler.actionPerformed(Ljava/awt/event/ActionEvent;)V+5
j  javax.swing.DefaultButtonModel.fireActionPerformed(Ljava/awt/event/ActionEvent;)V+35
j  javax.swing.DefaultButtonModel.setPressed(Z)V+117
j  javax.swing.plaf.basic.BasicButtonListener$Actions.actionPerformed(Ljava/awt/event/ActionEvent;)V+70
j  javax.swing.SwingUtilities.notifyAction(Ljavax/swing/Action;Ljavax/swing/KeyStroke;Ljava/awt/event/KeyEvent;Ljava/lang/Object;I)Z+132
j  javax.swing.JComponent.processKeyBinding(Ljavax/swing/KeyStroke;Ljava/awt/event/KeyEvent;IZ)Z+72
j  javax.swing.JComponent.processKeyBindings(Ljava/awt/event/KeyEvent;Z)Z+56
j  javax.swing.JComponent.processKeyEvent(Ljava/awt/event/KeyEvent;)V+51
j  java.awt.Component.processEvent(Ljava/awt/AWTEvent;)V+121
j  java.awt.Container.processEvent(Ljava/awt/AWTEvent;)V+18
j  java.awt.Component.dispatchEventImpl(Ljava/awt/AWTEvent;)V+566
j  java.awt.Container.dispatchEventImpl(Ljava/awt/AWTEvent;)V+42
j  java.awt.Component.dispatchEvent(Ljava/awt/AWTEvent;)V+2
j  java.awt.KeyboardFocusManager.redispatchEvent(Ljava/awt/Component;Ljava/awt/AWTEvent;)V+7
j  java.awt.DefaultKeyboardFocusManager.dispatchKeyEvent(Ljava/awt/event/KeyEvent;)Z+70
j  java.awt.DefaultKeyboardFocusManager.preDispatchKeyEvent(Ljava/awt/event/KeyEvent;)Z+140
j  java.awt.DefaultKeyboardFocusManager.typeAheadAssertions(Ljava/awt/Component;Ljava/awt/AWTEvent;)Z+175
j  java.awt.DefaultKeyboardFocusManager.dispatchEvent(Ljava/awt/AWTEvent;)Z+1524
j  java.awt.Component.dispatchEventImpl(Ljava/awt/AWTEvent;)V+131
j  java.awt.Container.dispatchEventImpl(Ljava/awt/AWTEvent;)V+42
j  java.awt.Window.dispatchEventImpl(Ljava/awt/AWTEvent;)V+19
j  java.awt.Component.dispatchEvent(Ljava/awt/AWTEvent;)V+2
j  java.awt.EventQueue.dispatchEvent(Ljava/awt/AWTEvent;)V+46
j  java.awt.EventDispatchThread.pumpOneEventForFilters(I)Z+204
j  java.awt.EventDispatchThread.pumpEventsForFilter(ILjava/awt/Conditional;Ljava/awt/EventFilter;)V+30
j  java.awt.EventDispatchThread.pumpEventsForHierarchy(ILjava/awt/Conditional;Ljava/awt/Component;)V+11
j  java.awt.EventDispatchThread.pumpEvents(ILjava/awt/Conditional;)V+4
j  java.awt.EventDispatchThread.pumpEvents(Ljava/awt/Conditional;)V+3
j  java.awt.EventDispatchThread.run()V+9
v  ~StubRoutines::call_stub

---------------  P R O C E S S  ---------------

Java Threads: ( => current thread )
  0x00007f6054018800 JavaThread "Thread-1" [_thread_in_native, id=3113, stack(0x00007f6075823000,0x00007f6075924000)]
  0x00007f6130007000 JavaThread "DestroyJavaVM" [_thread_blocked, id=3041, stack(0x00007f613415e000,0x00007f613425f000)]
=>0x00007f61301e3800 JavaThread "AWT-EventQueue-0" [_thread_in_native, id=3061, stack(0x00007f6075aaf000,0x00007f6075bb0000)]
  0x00007f61301e7000 JavaThread "AWT-Shutdown" [_thread_blocked, id=3060, stack(0x00007f6075bb0000,0x00007f6075cb1000)]
  0x00007f61301d6000 JavaThread "AWT-XAWT" daemon [_thread_in_native, id=3059, stack(0x00007f6075cb1000,0x00007f6075db2000)]
  0x00007f6130161800 JavaThread "Java2D Disposer" daemon [_thread_blocked, id=3058, stack(0x00007f60a801b000,0x00007f60a811c000)]
  0x00007f61300bf000 JavaThread "Low Memory Detector" daemon [_thread_blocked, id=3056, stack(0x00007f60a854f000,0x00007f60a8650000)]
  0x00007f61300bd000 JavaThread "CompilerThread1" daemon [_thread_blocked, id=3055, stack(0x00007f60a8650000,0x00007f60a8751000)]
  0x00007f61300ba000 JavaThread "CompilerThread0" daemon [_thread_blocked, id=3054, stack(0x00007f60a8751000,0x00007f60a8852000)]
  0x00007f61300b8000 JavaThread "Signal Dispatcher" daemon [_thread_blocked, id=3053, stack(0x00007f60a8852000,0x00007f60a8953000)]
  0x00007f6130099000 JavaThread "Finalizer" daemon [_thread_blocked, id=3052, stack(0x00007f60a8953000,0x00007f60a8a54000)]
  0x00007f6130097000 JavaThread "Reference Handler" daemon [_thread_blocked, id=3051, stack(0x00007f60a8a54000,0x00007f60a8b55000)]

Other Threads:
  0x00007f6130092800 VMThread [stack: 0x00007f60a8b55000,0x00007f60a8c56000] [id=3050]
  0x00007f61300ca000 WatcherThread [stack: 0x00007f60a844e000,0x00007f60a854f000] [id=3057]

VM state:not at safepoint (normal execution)

VM Mutex/Monitor currently owned by a thread: None

Heap
 PSYoungGen      total 37312K, used 8321K [0x00007f6102f40000, 0x00007f61058e0000, 0x00007f612c9e0000)
  eden space 32000K, 26% used [0x00007f6102f40000,0x00007f6103760740,0x00007f6104e80000)
  from space 5312K, 0% used [0x00007f61053b0000,0x00007f61053b0000,0x00007f61058e0000)
  to   space 5312K, 0% used [0x00007f6104e80000,0x00007f6104e80000,0x00007f61053b0000)
 PSOldGen        total 85312K, used 0K [0x00007f60af9e0000, 0x00007f60b4d30000, 0x00007f6102f40000)
  object space 85312K, 0% used [0x00007f60af9e0000,0x00007f60af9e0000,0x00007f60b4d30000)
 PSPermGen       total 21248K, used 14635K [0x00007f60aa5e0000, 0x00007f60abaa0000, 0x00007f60af9e0000)
  object space 21248K, 68% used [0x00007f60aa5e0000,0x00007f60ab42ad28,0x00007f60abaa0000)

Dynamic libraries:
40000000-40009000 r-xp 00000000 08:12 1836666                            /fast/jdk1.6.0_22/bin/java
40108000-4010a000 rwxp 00008000 08:12 1836666                            /fast/jdk1.6.0_22/bin/java
4187d000-4189e000 rwxp 00000000 00:00 0                                  [heap]
3503c00000-3503c05000 r-xp 00000000 08:12 571105                         /usr/lib64/libXtst.so.6.1.0
3503c05000-3503e05000 ---p 00005000 08:12 571105                         /usr/lib64/libXtst.so.6.1.0
3503e05000-3503e06000 rwxp 00005000 08:12 571105                         /usr/lib64/libXtst.so.6.1.0
3b0fe00000-3b0fe16000 r-xp 00000000 08:12 2359299                        /lib64/libnsl-2.12.1.so
3b0fe16000-3b10015000 ---p 00016000 08:12 2359299                        /lib64/libnsl-2.12.1.so
3b10015000-3b10016000 r-xp 00015000 08:12 2359299                        /lib64/libnsl-2.12.1.so
3b10016000-3b10017000 rwxp 00016000 08:12 2359299                        /lib64/libnsl-2.12.1.so
3b10017000-3b10019000 rwxp 00000000 00:00 0 
3d41000000-3d4101e000 r-xp 00000000 08:12 2359521                        /lib64/ld-2.12.1.so
3d4121d000-3d4121e000 r-xp 0001d000 08:12 2359521                        /lib64/ld-2.12.1.so
3d4121e000-3d4121f000 rwxp 0001e000 08:12 2359521                        /lib64/ld-2.12.1.so
3d4121f000-3d41220000 rwxp 00000000 00:00 0 
3d41400000-3d41575000 r-xp 00000000 08:12 2359527                        /lib64/libc-2.12.1.so
3d41575000-3d41775000 ---p 00175000 08:12 2359527                        /lib64/libc-2.12.1.so
3d41775000-3d41779000 r-xp 00175000 08:12 2359527                        /lib64/libc-2.12.1.so
3d41779000-3d4177a000 rwxp 00179000 08:12 2359527                        /lib64/libc-2.12.1.so
3d4177a000-3d4177f000 rwxp 00000000 00:00 0 
3d41800000-3d41817000 r-xp 00000000 08:12 2359758                        /lib64/libpthread-2.12.1.so
3d41817000-3d41a16000 ---p 00017000 08:12 2359758                        /lib64/libpthread-2.12.1.so
3d41a16000-3d41a17000 r-xp 00016000 08:12 2359758                        /lib64/libpthread-2.12.1.so
3d41a17000-3d41a18000 rwxp 00017000 08:12 2359758                        /lib64/libpthread-2.12.1.so
3d41a18000-3d41a1c000 rwxp 00000000 00:00 0 
3d41c00000-3d41c02000 r-xp 00000000 08:12 2359560                        /lib64/libdl-2.12.1.so
3d41c02000-3d41e02000 ---p 00002000 08:12 2359560                        /lib64/libdl-2.12.1.so
3d41e02000-3d41e03000 r-xp 00002000 08:12 2359560                        /lib64/libdl-2.12.1.so
3d41e03000-3d41e04000 rwxp 00003000 08:12 2359560                        /lib64/libdl-2.12.1.so
3d42000000-3d42007000 r-xp 00000000 08:12 2359767                        /lib64/librt-2.12.1.so
3d42007000-3d42206000 ---p 00007000 08:12 2359767                        /lib64/librt-2.12.1.so
3d42206000-3d42207000 r-xp 00006000 08:12 2359767                        /lib64/librt-2.12.1.so
3d42207000-3d42208000 rwxp 00007000 08:12 2359767                        /lib64/librt-2.12.1.so
3d42400000-3d42483000 r-xp 00000000 08:12 2359768                        /lib64/libm-2.12.1.so
3d42483000-3d42682000 ---p 00083000 08:12 2359768                        /lib64/libm-2.12.1.so
3d42682000-3d42683000 r-xp 00082000 08:12 2359768                        /lib64/libm-2.12.1.so
3d42683000-3d42684000 rwxp 00083000 08:12 2359768                        /lib64/libm-2.12.1.so
3d44800000-3d44802000 r-xp 00000000 08:12 526527                         /usr/lib64/libXau.so.6.0.0
3d44802000-3d44a02000 ---p 00002000 08:12 526527                         /usr/lib64/libXau.so.6.0.0
3d44a02000-3d44a03000 rwxp 00002000 08:12 526527                         /usr/lib64/libXau.so.6.0.0
3d44c00000-3d44d39000 r-xp 00000000 08:12 527899                         /usr/lib64/libX11.so.6.3.0
3d44d39000-3d44f39000 ---p 00139000 08:12 527899                         /usr/lib64/libX11.so.6.3.0
3d44f39000-3d44f3f000 rwxp 00139000 08:12 527899                         /usr/lib64/libX11.so.6.3.0
3d45000000-3d4501b000 r-xp 00000000 08:12 527898                         /usr/lib64/libxcb.so.1.1.0
3d4501b000-3d4521a000 ---p 0001b000 08:12 527898                         /usr/lib64/libxcb.so.1.1.0
3d4521a000-3d4521b000 rwxp 0001a000 08:12 527898                         /usr/lib64/libxcb.so.1.1.0
3d45800000-3d45811000 r-xp 00000000 08:12 527928                         /usr/lib64/libXext.so.6.4.0
3d45811000-3d45a11000 ---p 00011000 08:12 527928                         /usr/lib64/libXext.so.6.4.0
3d45a11000-3d45a12000 rwxp 00011000 08:12 527928                         /usr/lib64/libXext.so.6.4.0
3d46c00000-3d46c0f000 r-xp 00000000 08:12 529258                         /usr/lib64/libXi.so.6.1.0
3d46c0f000-3d46e0e000 ---p 0000f000 08:12 529258                         /usr/lib64/libXi.so.6.1.0
3d46e0e000-3d46e0f000 rwxp 0000e000 08:12 529258                         /usr/lib64/libXi.so.6.1.0
3d47000000-3d47009000 r-xp 00000000 08:12 529540                         /usr/lib64/libXcursor.so.1.0.2
3d47009000-3d47209000 ---p 00009000 08:12 529540                         /usr/lib64/libXcursor.so.1.0.2
3d47209000-3d4720a000 rwxp 00009000 08:12 529540                         /usr/lib64/libXcursor.so.1.0.2
3d48400000-3d48409000 r-xp 00000000 08:12 527900                         /usr/lib64/libXrender.so.1.3.0
3d48409000-3d48609000 ---p 00009000 08:12 527900                         /usr/lib64/libXrender.so.1.3.0
3d48609000-3d4860a000 rwxp 00009000 08:12 527900                         /usr/lib64/libXrender.so.1.3.0
3d4a400000-3d4a405000 r-xp 00000000 08:12 529427                         /usr/lib64/libXfixes.so.3.1.0
3d4a405000-3d4a604000 ---p 00005000 08:12 529427                         /usr/lib64/libXfixes.so.3.1.0
3d4a604000-3d4a605000 rwxp 00004000 08:12 529427                         /usr/lib64/libXfixes.so.3.1.0
7f6048000000-7f6048021000 rwxp 00000000 00:00 0 
7f6048021000-7f604c000000 ---p 00000000 00:00 0 
7f6050000000-7f6050021000 rwxp 00000000 00:00 0 
7f6050021000-7f6054000000 ---p 00000000 00:00 0 
7f6054000000-7f6054117000 rwxp 00000000 00:00 0 
7f6054117000-7f6058000000 ---p 00000000 00:00 0 
7f6058000000-7f6058021000 rwxp 00000000 00:00 0 
7f6058021000-7f605c000000 ---p 00000000 00:00 0 
7f605c000000-7f605c021000 rwxp 00000000 00:00 0 
7f605c021000-7f6060000000 ---p 00000000 00:00 0 
7f6060000000-7f6060021000 rwxp 00000000 00:00 0 
7f6060021000-7f6064000000 ---p 00000000 00:00 0 
7f6064000000-7f6064021000 rwxp 00000000 00:00 0 
7f6064021000-7f6068000000 ---p 00000000 00:00 0 
7f6068000000-7f6068227000 rwxp 00000000 00:00 0 
7f6068227000-7f606c000000 ---p 00000000 00:00 0 
7f606c000000-7f606c203000 rwxp 00000000 00:00 0 
7f606c203000-7f6070000000 ---p 00000000 00:00 0 
7f6070000000-7f6070021000 rwxp 00000000 00:00 0 
7f6070021000-7f6074000000 ---p 00000000 00:00 0 
7f6075823000-7f6075826000 ---p 00000000 00:00 0 
7f6075826000-7f6075924000 rwxp 00000000 00:00 0 
7f6075924000-7f6075930000 r-xp 00000000 08:12 1845844                    /fast/jdk1.6.0_22/jre/lib/amd64/librxtxSerial.so
7f6075930000-7f6075a2f000 ---p 0000c000 08:12 1845844                    /fast/jdk1.6.0_22/jre/lib/amd64/librxtxSerial.so
7f6075a2f000-7f6075a31000 rwxp 0000b000 08:12 1845844                    /fast/jdk1.6.0_22/jre/lib/amd64/librxtxSerial.so
7f6075aaf000-7f6075ab2000 ---p 00000000 00:00 0 
7f6075ab2000-7f6075bb0000 rwxp 00000000 00:00 0 
7f6075bb0000-7f6075bb3000 ---p 00000000 00:00 0 
7f6075bb3000-7f6075cb1000 rwxp 00000000 00:00 0 
7f6075cb1000-7f6075cb4000 ---p 00000000 00:00 0 
7f6075cb4000-7f6075db2000 rwxp 00000000 00:00 0 
7f6075db2000-7f6075db9000 r-xp 00000000 08:12 1837302                    /fast/jdk1.6.0_22/jre/lib/amd64/libnio.so
7f6075db9000-7f6075eb8000 ---p 00007000 08:12 1837302                    /fast/jdk1.6.0_22/jre/lib/amd64/libnio.so
7f6075eb8000-7f6075eba000 rwxp 00006000 08:12 1837302                    /fast/jdk1.6.0_22/jre/lib/amd64/libnio.so
7f6075eba000-7f6075ecd000 r-xp 00000000 08:12 1837301                    /fast/jdk1.6.0_22/jre/lib/amd64/libnet.so
7f6075ecd000-7f6075fce000 ---p 00013000 08:12 1837301                    /fast/jdk1.6.0_22/jre/lib/amd64/libnet.so
7f6075fce000-7f6075fd1000 rwxp 00014000 08:12 1837301                    /fast/jdk1.6.0_22/jre/lib/amd64/libnet.so
7f6075fd1000-7f607604a000 r-xp 00000000 08:12 1837310                    /fast/jdk1.6.0_22/jre/lib/amd64/libfontmanager.so
7f607604a000-7f6076149000 ---p 00079000 08:12 1837310                    /fast/jdk1.6.0_22/jre/lib/amd64/libfontmanager.so
7f6076149000-7f607615e000 rwxp 00078000 08:12 1837310                    /fast/jdk1.6.0_22/jre/lib/amd64/libfontmanager.so
7f607615e000-7f607616f000 rwxp 00000000 00:00 0 
7f607616f000-7f607c000000 r-xp 00000000 08:12 567748                     /usr/lib/locale/locale-archive
7f607c000000-7f607c021000 rwxp 00000000 00:00 0 
7f607c021000-7f6080000000 ---p 00000000 00:00 0 
7f6080000000-7f6080021000 rwxp 00000000 00:00 0 
7f6080021000-7f6084000000 ---p 00000000 00:00 0 
7f6084000000-7f6084021000 rwxp 00000000 00:00 0 
7f6084021000-7f6088000000 ---p 00000000 00:00 0 
7f6088000000-7f6088021000 rwxp 00000000 00:00 0 
7f6088021000-7f608c000000 ---p 00000000 00:00 0 
7f608c000000-7f608c021000 rwxp 00000000 00:00 0 
7f608c021000-7f6090000000 ---p 00000000 00:00 0 
7f6090000000-7f6090021000 rwxp 00000000 00:00 0 
7f6090021000-7f6094000000 ---p 00000000 00:00 0 
7f6094000000-7f6094021000 rwxp 00000000 00:00 0 
7f6094021000-7f6098000000 ---p 00000000 00:00 0 
7f6098000000-7f6098021000 rwxp 00000000 00:00 0 
7f6098021000-7f609c000000 ---p 00000000 00:00 0 
7f609c000000-7f609c021000 rwxp 00000000 00:00 0 
7f609c021000-7f60a0000000 ---p 00000000 00:00 0 
7f60a0000000-7f60a0021000 rwxp 00000000 00:00 0 
7f60a0021000-7f60a4000000 ---p 00000000 00:00 0 
7f60a4000000-7f60a4021000 rwxp 00000000 00:00 0 
7f60a4021000-7f60a8000000 ---p 00000000 00:00 0 
7f60a801b000-7f60a801e000 ---p 00000000 00:00 0 
7f60a801e000-7f60a811c000 rwxp 00000000 00:00 0 
7f60a811c000-7f60a815e000 r-xp 00000000 08:12 1837299                    /fast/jdk1.6.0_22/jre/lib/amd64/xawt/libmawt.so
7f60a815e000-7f60a825d000 ---p 00042000 08:12 1837299                    /fast/jdk1.6.0_22/jre/lib/amd64/xawt/libmawt.so
7f60a825d000-7f60a8268000 rwxp 00041000 08:12 1837299                    /fast/jdk1.6.0_22/jre/lib/amd64/xawt/libmawt.so
7f60a8268000-7f60a826a000 rwxp 00000000 00:00 0 
7f60a826a000-7f60a82fc000 r-xp 00000000 08:12 1837346                    /fast/jdk1.6.0_22/jre/lib/amd64/libawt.so
7f60a82fc000-7f60a83fb000 ---p 00092000 08:12 1837346                    /fast/jdk1.6.0_22/jre/lib/amd64/libawt.so
7f60a83fb000-7f60a8414000 rwxp 00091000 08:12 1837346                    /fast/jdk1.6.0_22/jre/lib/amd64/libawt.so
7f60a8414000-7f60a8439000 rwxp 00000000 00:00 0 
7f60a8439000-7f60a843b000 r-xs 0000d000 08:05 25518644                   /mnt/sda7/home/david/JavaProjects/xbee-java-api/trunk/xbee-java-api/dist/lib/RXTXcomm.jar
7f60a843b000-7f60a8442000 r-xs 00059000 08:05 25518643                   /mnt/sda7/home/david/JavaProjects/xbee-java-api/trunk/xbee-java-api/dist/lib/log4j-1.2.15.jar
7f60a8442000-7f60a8448000 r-xs 00069000 08:05 38977698                   /mnt/sda7/home/david/JavaProjects/xbee-java-api/trunk/xbee-java-api/dist/xbee-java-api.jar
7f60a8448000-7f60a844e000 r-xs 00069000 08:05 38977698                   /mnt/sda7/home/david/JavaProjects/xbee-java-api/trunk/xbee-java-api/dist/xbee-java-api.jar
7f60a844e000-7f60a844f000 ---p 00000000 00:00 0 
7f60a844f000-7f60a854f000 rwxp 00000000 00:00 0 
7f60a854f000-7f60a8552000 ---p 00000000 00:00 0 
7f60a8552000-7f60a8650000 rwxp 00000000 00:00 0 
7f60a8650000-7f60a8653000 ---p 00000000 00:00 0 
7f60a8653000-7f60a8751000 rwxp 00000000 00:00 0 
7f60a8751000-7f60a8754000 ---p 00000000 00:00 0 
7f60a8754000-7f60a8852000 rwxp 00000000 00:00 0 
7f60a8852000-7f60a8855000 ---p 00000000 00:00 0 
7f60a8855000-7f60a8953000 rwxp 00000000 00:00 0 
7f60a8953000-7f60a8956000 ---p 00000000 00:00 0 
7f60a8956000-7f60a8a54000 rwxp 00000000 00:00 0 
7f60a8a54000-7f60a8a57000 ---p 00000000 00:00 0 
7f60a8a57000-7f60a8b55000 rwxp 00000000 00:00 0 
7f60a8b55000-7f60a8b56000 ---p 00000000 00:00 0 
7f60a8b56000-7f60a9592000 rwxp 00000000 00:00 0 
7f60a9592000-7f60a972a000 r-xs 03013000 08:12 1835012                    /fast/jdk1.6.0_22/jre/lib/rt.jar
7f60a972a000-7f60a972b000 ---p 00000000 00:00 0 
7f60a972b000-7f60a982b000 rwxp 00000000 00:00 0 
7f60a982b000-7f60a982c000 ---p 00000000 00:00 0 
7f60a982c000-7f60a992c000 rwxp 00000000 00:00 0 
7f60a992c000-7f60a992d000 ---p 00000000 00:00 0 
7f60a992d000-7f60a9a2d000 rwxp 00000000 00:00 0 
7f60a9a2d000-7f60a9a2e000 ---p 00000000 00:00 0 
7f60a9a2e000-7f60a9b2e000 rwxp 00000000 00:00 0 
7f60a9b2e000-7f60a9b2f000 ---p 00000000 00:00 0 
7f60a9b2f000-7f60a9c2f000 rwxp 00000000 00:00 0 
7f60a9c2f000-7f60a9c30000 ---p 00000000 00:00 0 
7f60a9c30000-7f60a9d30000 rwxp 00000000 00:00 0 
7f60a9d30000-7f60a9d31000 ---p 00000000 00:00 0 
7f60a9d31000-7f60a9e31000 rwxp 00000000 00:00 0 
7f60a9e31000-7f60a9e32000 ---p 00000000 00:00 0 
7f60a9e32000-7f60a9f5c000 rwxp 00000000 00:00 0 
7f60a9f5c000-7f60aa1cd000 rwxp 00000000 00:00 0 
7f60aa1cd000-7f60aa1d8000 rwxp 00000000 00:00 0 
7f60aa1d8000-7f60aa1f7000 rwxp 00000000 00:00 0 
7f60aa1f7000-7f60aa221000 rwxp 00000000 00:00 0 
7f60aa221000-7f60aa491000 rwxp 00000000 00:00 0 
7f60aa491000-7f60aa4a7000 rwxp 00000000 00:00 0 
7f60aa4a7000-7f60aa5df000 rwxp 00000000 00:00 0 
7f60aa5df000-7f60abaa0000 rwxp 00000000 00:00 0 
7f60abaa0000-7f60af9e0000 rwxp 00000000 00:00 0 
7f60af9e0000-7f60b4d30000 rwxp 00000000 00:00 0 
7f60b4d30000-7f6102f40000 rwxp 00000000 00:00 0 
7f6102f40000-7f61058e0000 rwxp 00000000 00:00 0 
7f61058e0000-7f612c9e0000 rwxp 00000000 00:00 0 
7f612c9e5000-7f612c9ef000 rwxp 00000000 00:00 0 
7f612c9ef000-7f612caa5000 rwxp 00000000 00:00 0 
7f612caa5000-7f612cd15000 rwxp 00000000 00:00 0 
7f612cd15000-7f612faa5000 rwxp 00000000 00:00 0 
7f612faa5000-7f612fab3000 r-xp 00000000 08:12 1837312                    /fast/jdk1.6.0_22/jre/lib/amd64/libzip.so
7f612fab3000-7f612fbb5000 ---p 0000e000 08:12 1837312                    /fast/jdk1.6.0_22/jre/lib/amd64/libzip.so
7f612fbb5000-7f612fbb8000 rwxp 00010000 08:12 1837312                    /fast/jdk1.6.0_22/jre/lib/amd64/libzip.so
7f612fbb8000-7f612fbb9000 rwxp 00000000 00:00 0 
7f612fbb9000-7f612fbc5000 r-xp 00000000 08:12 2359326                    /lib64/libnss_files-2.12.1.so
7f612fbc5000-7f612fdc4000 ---p 0000c000 08:12 2359326                    /lib64/libnss_files-2.12.1.so
7f612fdc4000-7f612fdc5000 r-xp 0000b000 08:12 2359326                    /lib64/libnss_files-2.12.1.so
7f612fdc5000-7f612fdc6000 rwxp 0000c000 08:12 2359326                    /lib64/libnss_files-2.12.1.so
7f612fdc6000-7f612fdcd000 r-xp 00000000 08:12 1837314                    /fast/jdk1.6.0_22/jre/lib/amd64/native_threads/libhpi.so
7f612fdcd000-7f612fece000 ---p 00007000 08:12 1837314                    /fast/jdk1.6.0_22/jre/lib/amd64/native_threads/libhpi.so
7f612fece000-7f612fed0000 rwxp 00008000 08:12 1837314                    /fast/jdk1.6.0_22/jre/lib/amd64/native_threads/libhpi.so
7f612fed0000-7f612fed1000 rwxp 00000000 00:00 0 
7f612fed1000-7f612fef9000 r-xp 00000000 08:12 1837325                    /fast/jdk1.6.0_22/jre/lib/amd64/libjava.so
7f612fef9000-7f612fff9000 ---p 00028000 08:12 1837325                    /fast/jdk1.6.0_22/jre/lib/amd64/libjava.so
7f612fff9000-7f6130000000 rwxp 00028000 08:12 1837325                    /fast/jdk1.6.0_22/jre/lib/amd64/libjava.so
7f6130000000-7f613024f000 rwxp 00000000 00:00 0 
7f613024f000-7f6134000000 ---p 00000000 00:00 0 
7f6134025000-7f6134030000 rwxp 00000000 00:00 0 
7f6134030000-7f613404f000 rwxp 00000000 00:00 0 
7f613404f000-7f613405c000 r-xp 00000000 08:12 1837307                    /fast/jdk1.6.0_22/jre/lib/amd64/libverify.so
7f613405c000-7f613415b000 ---p 0000d000 08:12 1837307                    /fast/jdk1.6.0_22/jre/lib/amd64/libverify.so
7f613415b000-7f613415e000 rwxp 0000c000 08:12 1837307                    /fast/jdk1.6.0_22/jre/lib/amd64/libverify.so
7f613415e000-7f6134161000 ---p 00000000 00:00 0 
7f6134161000-7f613425f000 rwxp 00000000 00:00 0 
7f613425f000-7f6134a39000 r-xp 00000000 08:12 1837332                    /fast/jdk1.6.0_22/jre/lib/amd64/server/libjvm.so
7f6134a39000-7f6134b3b000 ---p 007da000 08:12 1837332                    /fast/jdk1.6.0_22/jre/lib/amd64/server/libjvm.so
7f6134b3b000-7f6134ccc000 rwxp 007dc000 08:12 1837332                    /fast/jdk1.6.0_22/jre/lib/amd64/server/libjvm.so
7f6134ccc000-7f6134d0a000 rwxp 00000000 00:00 0 
7f6134d0a000-7f6134d11000 r-xp 00000000 08:12 1837297                    /fast/jdk1.6.0_22/jre/lib/amd64/jli/libjli.so
7f6134d11000-7f6134e12000 ---p 00007000 08:12 1837297                    /fast/jdk1.6.0_22/jre/lib/amd64/jli/libjli.so
7f6134e12000-7f6134e14000 rwxp 00008000 08:12 1837297                    /fast/jdk1.6.0_22/jre/lib/amd64/jli/libjli.so
7f6134e14000-7f6134e15000 rwxp 00000000 00:00 0 
7f6134e19000-7f6134e2e000 rwxs 00000000 00:04 1376284                    /SYSV00000000 (deleted)
7f6134e2e000-7f6134e2f000 rwxp 00000000 00:00 0 
7f6134e2f000-7f6134e37000 rwxs 00000000 08:12 2097191                    /tmp/hsperfdata_david/3040
7f6134e37000-7f6134e38000 rwxp 00000000 00:00 0 
7f6134e38000-7f6134e39000 r-xp 00000000 00:00 0 
7f6134e39000-7f6134e3a000 rwxp 00000000 00:00 0 
7fff403d2000-7fff403f3000 rwxp 00000000 00:00 0                          [stack]
7fff403ff000-7fff40400000 r-xp 00000000 00:00 0                          [vdso]
ffffffffff600000-ffffffffff601000 r-xp 00000000 00:00 0                  [vsyscall]

VM Arguments:
java_command: dist/xbee-java-api.jar
Launcher Type: SUN_STANDARD

Environment Variables:
JAVA_HOME=/opt/jdk/
PATH=/usr/lib64/qt-3.3/bin:/usr/kerberos/sbin:/usr/kerberos/bin:/usr/local/bin:/usr/bin:/bin:/usr/local/sbin:/usr/sbin:/sbin:/opt/netbeans-6.9/java/ant/bin/:/home/david/bin:/opt/netbeans-6.9/java/ant/bin/
USERNAME=david
LD_LIBRARY_PATH=/fast/jdk1.6.0_22/jre/lib/amd64/server:/fast/jdk1.6.0_22/jre/lib/amd64:/fast/jdk1.6.0_22/jre/../lib/amd64:/opt/JMF-2.1.1e//lib:/opt/JMF-2.1.1e//lib:
SHELL=/bin/bash
DISPLAY=:0.0

Signal Handlers:
SIGSEGV: [libjvm.so+0x731250], sa_mask[0]=0x7ffbfeff, sa_flags=0x10000004
SIGBUS: [libjvm.so+0x731250], sa_mask[0]=0x7ffbfeff, sa_flags=0x10000004
SIGFPE: [libjvm.so+0x5f5e30], sa_mask[0]=0x7ffbfeff, sa_flags=0x10000004
SIGPIPE: [libjvm.so+0x5f5e30], sa_mask[0]=0x7ffbfeff, sa_flags=0x10000004
SIGXFSZ: [libjvm.so+0x5f5e30], sa_mask[0]=0x7ffbfeff, sa_flags=0x10000004
SIGILL: [libjvm.so+0x5f5e30], sa_mask[0]=0x7ffbfeff, sa_flags=0x10000004
SIGUSR1: SIG_DFL, sa_mask[0]=0x00000000, sa_flags=0x00000000
SIGUSR2: [libjvm.so+0x5f8650], sa_mask[0]=0x00000000, sa_flags=0x10000004
SIGHUP: [libjvm.so+0x5f83a0], sa_mask[0]=0x7ffbfeff, sa_flags=0x10000004
SIGINT: [libjvm.so+0x5f83a0], sa_mask[0]=0x7ffbfeff, sa_flags=0x10000004
SIGTERM: [libjvm.so+0x5f83a0], sa_mask[0]=0x7ffbfeff, sa_flags=0x10000004
SIGQUIT: [libjvm.so+0x5f83a0], sa_mask[0]=0x7ffbfeff, sa_flags=0x10000004


---------------  S Y S T E M  ---------------

OS:Fedora release 13 (Goddard)

uname:Linux 2.6.34.7-61.fc13.x86_64 #1 SMP Tue Oct 19 04:06:30 UTC 2010 x86_64
libc:glibc 2.12.1 NPTL 2.12.1 
rlimit: STACK 10240k, CORE 0k, NPROC 1024, NOFILE 1024, AS infinity
load average:0.83 0.38 0.14

CPU:total 8 (8 cores per cpu, 2 threads per core) family 6 model 30 stepping 5, cmov, cx8, fxsr, mmx, sse, sse2, sse3, ssse3, sse4.1, sse4.2, popcnt, ht

Memory: 4k page, physical 8185140k(6955948k free), swap 9215996k(9215996k free)

vm_info: Java HotSpot(TM) 64-Bit Server VM (17.1-b03) for linux-amd64 JRE (1.6.0_22-b04), built on Sep 15 2010 01:07:59 by "java_re" with gcc 3.2.2 (SuSE Linux)

time: Sat Nov 13 12:32:06 2010
elapsed time: 25 seconds

